INFO 2026-04-01 12:11:24,325 "GET /user/2/ HTTP/1.1" 200 71
INFO 2026-04-01 12:11:36,732 "GET /user/2/ HTTP/1.1" 200 71
INFO 2026-04-01 12:18:26,032 "GET /user/2/ HTTP/1.1" 200 71
INFO 2026-04-01 12:19:40,325 "GET /user/2/ HTTP/1.1" 200 71
INFO 2026-04-01 12:19:53,539 "GET /user/2/ HTTP/1.1" 200 71
INFO 2026-04-01 12:22:00,690 "GET /user/2/ HTTP/1.1" 200 71
INFO 2026-04-01 12:22:16,804 "GET /user/2/ HTTP/1.1" 200 71
INFO 2026-04-01 12:23:23,739 "GET /user/2/ HTTP/1.1" 200 71
INFO 2026-04-01 12:26:36,066 "GET /user/report/2/ HTTP/1.1" 200 5186
INFO 2026-04-01 12:27:49,900 "GET /user/2/ HTTP/1.1" 200 71
INFO 2026-04-01 12:28:16,681 "GET /user/2/ HTTP/1.1" 200 71
INFO 2026-04-01 12:29:57,513 "GET /user/2/ HTTP/1.1" 200 71
INFO 2026-04-01 12:31:37,354 "GET /image/ HTTP/1.1" 200 299
INFO 2026-04-01 12:31:37,428 "GET /image/pag/?page=1&page_size=4 HTTP/1.1" 200 299
INFO 2026-04-01 12:31:37,456 "GET /category/ HTTP/1.1" 200 539
INFO 2026-04-01 12:31:37,473 "GET /book/ HTTP/1.1" 200 419
INFO 2026-04-01 12:31:37,524 "GET /search/book/?name= HTTP/1.1" 200 2
INFO 2026-04-01 12:31:37,632 "GET /category/ HTTP/1.1" 200 539
INFO 2026-04-01 12:31:37,635 "GET /image/pag/?page=1&page_size=4 HTTP/1.1" 200 299
INFO 2026-04-01 12:31:37,650 "GET /image/ HTTP/1.1" 200 299
INFO 2026-04-01 12:31:37,669 "GET /book/ HTTP/1.1" 200 419
INFO 2026-04-01 12:31:37,758 "GET /search/book/?name= HTTP/1.1" 200 2
INFO 2026-04-01 12:31:39,567 "GET /user/2/ HTTP/1.1" 200 71
INFO 2026-04-01 12:31:39,576 "GET /issue/user/2/ HTTP/1.1" 200 308
INFO 2026-04-01 12:31:39,588 "GET /getusers/ HTTP/1.1" 200 38
INFO 2026-04-01 12:31:39,791 "GET /issue/user/2/ HTTP/1.1" 200 308
INFO 2026-04-01 12:31:39,796 "GET /getusers/ HTTP/1.1" 200 38
INFO 2026-04-01 12:31:39,821 "GET /user/2/ HTTP/1.1" 200 71
INFO 2026-04-01 12:31:39,903 "GET /issue/user/2/ HTTP/1.1" 200 308
INFO 2026-04-01 12:31:39,981 "GET /issue/user/2/ HTTP/1.1" 200 308
INFO 2026-04-01 12:32:53,031 "GET /issue/user/2/ HTTP/1.1" 200 308
INFO 2026-04-01 12:32:53,066 "GET /user/2/ HTTP/1.1" 200 71
INFO 2026-04-01 12:32:53,130 "GET /getusers/ HTTP/1.1" 200 38
INFO 2026-04-01 12:32:53,652 "GET /issue/user/2/ HTTP/1.1" 200 308
INFO 2026-04-01 12:32:53,802 "GET /user/2/ HTTP/1.1" 200 71
INFO 2026-04-01 12:32:53,827 "GET /getusers/ HTTP/1.1" 200 38
INFO 2026-04-01 12:32:53,835 "GET /issue/user/2/ HTTP/1.1" 200 308
INFO 2026-04-01 12:32:53,974 "GET /issue/user/2/ HTTP/1.1" 200 308
INFO 2026-04-01 12:35:09,770 "GET /user/2/ HTTP/1.1" 200 71
INFO 2026-04-01 12:43:58,989 "GET /user/2/ HTTP/1.1" 200 71
INFO 2026-04-01 12:44:05,903 "GET /user/2/ HTTP/1.1" 200 71
INFO 2026-04-01 12:44:07,790 - Broken pipe from ('127.0.0.1', 51461)
INFO 2026-04-01 12:44:07,797 - Broken pipe from ('127.0.0.1', 51468)
INFO 2026-04-01 12:44:15,574 "GET /image/ HTTP/1.1" 200 299
INFO 2026-04-01 12:44:15,610 "GET /image/pag/?page=1&page_size=4 HTTP/1.1" 200 299
INFO 2026-04-01 12:44:15,717 "GET /image/ HTTP/1.1" 200 299
INFO 2026-04-01 12:44:15,721 "GET /image/pag/?page=1&page_size=4 HTTP/1.1" 200 299
INFO 2026-04-01 12:44:40,141 "OPTIONS /login/ HTTP/1.1" 200 0
INFO 2026-04-01 12:44:40,945 "POST /login/ HTTP/1.1" 200 1013
INFO 2026-04-01 12:44:41,185 "GET /image/pag/?page=1&page_size=4 HTTP/1.1" 200 299
INFO 2026-04-01 12:44:41,185 "GET /image/ HTTP/1.1" 200 299
INFO 2026-04-01 12:44:41,234 "GET /book/ HTTP/1.1" 200 419
INFO 2026-04-01 12:44:41,242 "GET /category/ HTTP/1.1" 200 539
INFO 2026-04-01 12:44:41,312 "GET /search/book/?name= HTTP/1.1" 200 2
INFO 2026-04-01 12:44:41,472 "GET /image/ HTTP/1.1" 200 299
INFO 2026-04-01 12:44:41,517 "GET /image/pag/?page=1&page_size=4 HTTP/1.1" 200 299
INFO 2026-04-01 12:44:41,517 "GET /book/ HTTP/1.1" 200 419
INFO 2026-04-01 12:44:41,538 "GET /category/ HTTP/1.1" 200 539
INFO 2026-04-01 12:44:41,549 "GET /search/book/?name= HTTP/1.1" 200 2
INFO 2026-04-01 12:44:44,890 "GET /getusers/ HTTP/1.1" 200 38
INFO 2026-04-01 12:44:44,894 "GET /issue/user/2/ HTTP/1.1" 200 308
INFO 2026-04-01 12:44:44,987 "GET /user/2/ HTTP/1.1" 200 71
INFO 2026-04-01 12:44:45,018 "GET /getusers/ HTTP/1.1" 200 38
INFO 2026-04-01 12:44:45,057 "GET /issue/user/2/ HTTP/1.1" 200 308
INFO 2026-04-01 12:44:45,124 "GET /user/2/ HTTP/1.1" 200 71
INFO 2026-04-01 12:44:45,158 "GET /issue/user/2/ HTTP/1.1" 200 308
INFO 2026-04-01 12:44:45,248 "GET /issue/user/2/ HTTP/1.1" 200 308
INFO 2026-04-01 12:45:42,428 "GET /book/ HTTP/1.1" 200 419
INFO 2026-04-01 12:45:42,431 "GET /image/ HTTP/1.1" 200 299
INFO 2026-04-01 12:45:42,451 "GET /image/pag/?page=1&page_size=4 HTTP/1.1" 200 299
INFO 2026-04-01 12:45:42,511 "GET /search/book/?name= HTTP/1.1" 200 2
INFO 2026-04-01 12:45:42,588 "GET /category/ HTTP/1.1" 200 539
INFO 2026-04-01 12:45:42,655 "GET /image/ HTTP/1.1" 200 299
INFO 2026-04-01 12:45:42,712 "GET /book/ HTTP/1.1" 200 419
INFO 2026-04-01 12:45:42,721 "GET /search/book/?name= HTTP/1.1" 200 2
INFO 2026-04-01 12:45:42,768 "GET /category/ HTTP/1.1" 200 539
INFO 2026-04-01 12:45:42,768 "GET /image/pag/?page=1&page_size=4 HTTP/1.1" 200 299
INFO 2026-04-01 12:46:17,611 "GET /image/pag/?page=1&page_size=4 HTTP/1.1" 200 299
INFO 2026-04-01 12:46:17,637 "GET /image/ HTTP/1.1" 200 299
INFO 2026-04-01 12:46:17,772 "GET /image/pag/?page=1&page_size=4 HTTP/1.1" 200 299
INFO 2026-04-01 12:46:17,807 "GET /image/ HTTP/1.1" 200 299
INFO 2026-04-01 13:48:05,817 "POST /login/ HTTP/1.1" 200 1013
INFO 2026-04-01 13:48:05,981 "OPTIONS /book/ HTTP/1.1" 200 0
INFO 2026-04-01 13:48:05,988 "OPTIONS /category/ HTTP/1.1" 200 0
INFO 2026-04-01 13:48:05,988 "OPTIONS /search/book/?name= HTTP/1.1" 200 0
INFO 2026-04-01 13:48:06,004 "OPTIONS /category/ HTTP/1.1" 200 0
INFO 2026-04-01 13:48:06,046 "OPTIONS /search/book/?name= HTTP/1.1" 200 0
INFO 2026-04-01 13:48:06,107 "OPTIONS /book/ HTTP/1.1" 200 0
INFO 2026-04-01 13:48:06,108 "GET /image/pag/?page=1&page_size=4 HTTP/1.1" 200 299
INFO 2026-04-01 13:48:06,108 "GET /image/ HTTP/1.1" 200 299
INFO 2026-04-01 13:48:06,175 "GET /category/ HTTP/1.1" 200 539
INFO 2026-04-01 13:48:06,224 "GET /search/book/?name= HTTP/1.1" 200 2
INFO 2026-04-01 13:48:06,230 "GET /book/ HTTP/1.1" 200 419
INFO 2026-04-01 13:48:06,403 "GET /image/ HTTP/1.1" 200 299
INFO 2026-04-01 13:48:06,403 "GET /image/pag/?page=1&page_size=4 HTTP/1.1" 200 299
INFO 2026-04-01 13:48:06,455 "GET /category/ HTTP/1.1" 200 539
INFO 2026-04-01 13:48:06,472 "GET /book/ HTTP/1.1" 200 419
INFO 2026-04-01 13:48:06,492 "GET /search/book/?name= HTTP/1.1" 200 2
INFO 2026-04-01 13:49:28,612 C:\Users\asad\Desktop\Library_management\backend\libApp\service\Login_service.py changed, reloading.
INFO 2026-04-01 13:49:31,295 Watching for file changes with StatReloader
INFO 2026-04-01 13:50:52,363 C:\Users\asad\Desktop\Library_management\backend\libApp\Views\Login_Views.py changed, reloading.
INFO 2026-04-01 13:50:54,227 Watching for file changes with StatReloader
ERROR 2026-04-01 13:51:14,984 Internal Server Error: /user/
Traceback (most recent call last):
  File "C:\Users\asad\Desktop\Library_management\env\lib\site-packages\django\core\handlers\exception.py", line 55, in inner
    response = get_response(request)
  File "C:\Users\asad\Desktop\Library_management\env\lib\site-packages\django\core\handlers\base.py", line 197, in _get_response
    response = wrapped_callback(request, *callback_args, **callback_kwargs)
  File "C:\Users\asad\Desktop\Library_management\env\lib\site-packages\django\views\decorators\csrf.py", line 56, in wrapper_view
    return view_func(*args, **kwargs)
  File "C:\Users\asad\Desktop\Library_management\env\lib\site-packages\django\views\generic\base.py", line 105, in view
    return self.dispatch(request, *args, **kwargs)
  File "C:\Users\asad\Desktop\Library_management\env\lib\site-packages\rest_framework\views.py", line 509, in dispatch
    response = self.handle_exception(exc)
  File "C:\Users\asad\Desktop\Library_management\env\lib\site-packages\rest_framework\views.py", line 469, in handle_exception
    self.raise_uncaught_exception(exc)
  File "C:\Users\asad\Desktop\Library_management\env\lib\site-packages\rest_framework\views.py", line 480, in raise_uncaught_exception
    raise exc
  File "C:\Users\asad\Desktop\Library_management\env\lib\site-packages\rest_framework\views.py", line 506, in dispatch
    response = handler(request, *args, **kwargs)
TypeError: get() missing 1 required positional argument: 'id'
ERROR 2026-04-01 13:51:14,986 "GET /user/ HTTP/1.1" 500 92251
INFO 2026-04-01 13:51:30,854 "GET /user/1/ HTTP/1.1" 200 8869
INFO 2026-04-01 13:52:01,812 "PUT /user/1/ HTTP/1.1" 200 8746
INFO 2026-04-01 13:52:04,896 "GET /user/1/ HTTP/1.1" 200 8872
INFO 2026-04-01 14:13:00,427 "GET /image/ HTTP/1.1" 200 299
INFO 2026-04-01 14:13:00,463 "GET /search/book/?name= HTTP/1.1" 200 2
INFO 2026-04-01 14:13:00,534 "GET /image/pag/?page=1&page_size=4 HTTP/1.1" 200 299
INFO 2026-04-01 14:13:00,589 "GET /category/ HTTP/1.1" 200 539
INFO 2026-04-01 14:13:00,651 "GET /book/ HTTP/1.1" 200 419
INFO 2026-04-01 14:13:00,745 "GET /image/ HTTP/1.1" 200 299
INFO 2026-04-01 14:13:00,798 "GET /search/book/?name= HTTP/1.1" 200 2
INFO 2026-04-01 14:13:00,873 "GET /image/pag/?page=1&page_size=4 HTTP/1.1" 200 299
INFO 2026-04-01 14:13:00,876 "GET /book/ HTTP/1.1" 200 419
INFO 2026-04-01 14:13:00,878 "GET /category/ HTTP/1.1" 200 539
INFO 2026-04-01 14:14:14,074 "GET /user/1/ HTTP/1.1" 200 8872
INFO 2026-04-01 14:17:14,947 "GET /user/2/ HTTP/1.1" 200 71
INFO 2026-04-01 14:17:14,982 "GET /issue/user/2/ HTTP/1.1" 200 308
INFO 2026-04-01 14:17:15,023 "GET /getusers/ HTTP/1.1" 200 38
INFO 2026-04-01 14:17:15,113 "GET /user/2/ HTTP/1.1" 200 71
INFO 2026-04-01 14:17:15,150 "GET /issue/user/2/ HTTP/1.1" 200 308
INFO 2026-04-01 14:17:15,242 "GET /getusers/ HTTP/1.1" 200 38
INFO 2026-04-01 14:17:15,281 "GET /issue/user/2/ HTTP/1.1" 200 308
INFO 2026-04-01 14:17:15,363 "GET /issue/user/2/ HTTP/1.1" 200 308
INFO 2026-04-01 14:18:11,889 "GET /user/2/ HTTP/1.1" 200 71
INFO 2026-04-01 14:18:39,780 "GET /user/2/ HTTP/1.1" 200 71
INFO 2026-04-01 14:20:22,988 "GET /user/2/ HTTP/1.1" 200 71
INFO 2026-04-01 14:20:22,999 "GET /getusers/ HTTP/1.1" 200 38
INFO 2026-04-01 14:20:23,059 "GET /issue/user/2/ HTTP/1.1" 200 308
INFO 2026-04-01 14:20:23,200 "GET /issue/user/2/ HTTP/1.1" 200 308
INFO 2026-04-01 14:23:13,683 "GET /user/2/ HTTP/1.1" 200 71
INFO 2026-04-01 14:24:09,560 "GET /user/2/ HTTP/1.1" 200 71
INFO 2026-04-01 14:24:30,380 "GET /user/2/ HTTP/1.1" 200 71
INFO 2026-04-01 14:25:22,188 "GET /user/2/ HTTP/1.1" 200 71
INFO 2026-04-01 14:26:11,433 "GET /user/2/ HTTP/1.1" 200 71
INFO 2026-04-01 14:26:47,865 "GET /user/2/ HTTP/1.1" 200 71
INFO 2026-04-01 14:29:04,592 "GET /user/2/ HTTP/1.1" 200 71
INFO 2026-04-01 14:29:36,803 "GET /image/ HTTP/1.1" 200 299
INFO 2026-04-01 14:29:36,810 "GET /image/pag/?page=1&page_size=4 HTTP/1.1" 200 299
INFO 2026-04-01 14:29:36,944 "GET /search/book/?name= HTTP/1.1" 200 2
INFO 2026-04-01 14:29:36,975 "GET /category/ HTTP/1.1" 200 539
INFO 2026-04-01 14:29:36,978 "GET /book/ HTTP/1.1" 200 419
INFO 2026-04-01 14:29:36,986 "GET /image/pag/?page=1&page_size=4 HTTP/1.1" 200 299
INFO 2026-04-01 14:29:37,042 "GET /image/ HTTP/1.1" 200 299
INFO 2026-04-01 14:29:37,128 "GET /search/book/?name= HTTP/1.1" 200 2
INFO 2026-04-01 14:29:37,174 "GET /category/ HTTP/1.1" 200 539
INFO 2026-04-01 14:29:37,188 "GET /book/ HTTP/1.1" 200 419
INFO 2026-04-01 14:29:45,103 "GET /issue/user/2/ HTTP/1.1" 200 308
INFO 2026-04-01 14:29:45,113 "GET /getusers/ HTTP/1.1" 200 38
INFO 2026-04-01 14:29:45,226 "GET /user/2/ HTTP/1.1" 200 71
INFO 2026-04-01 14:29:45,255 "GET /issue/user/2/ HTTP/1.1" 200 308
INFO 2026-04-01 14:29:45,257 "GET /getusers/ HTTP/1.1" 200 38
INFO 2026-04-01 14:29:45,366 "GET /user/2/ HTTP/1.1" 200 71
INFO 2026-04-01 14:29:45,400 "GET /issue/user/2/ HTTP/1.1" 200 308
INFO 2026-04-01 14:29:45,484 "GET /issue/user/2/ HTTP/1.1" 200 308
INFO 2026-04-01 14:37:14,676 "GET /image/ HTTP/1.1" 200 299
INFO 2026-04-01 14:37:14,697 "GET /category/ HTTP/1.1" 200 539
INFO 2026-04-01 14:37:14,697 "GET /image/pag/?page=1&page_size=4 HTTP/1.1" 200 299
INFO 2026-04-01 14:37:14,713 "GET /book/ HTTP/1.1" 200 419
INFO 2026-04-01 14:37:14,815 "GET /search/book/?name= HTTP/1.1" 200 2
INFO 2026-04-01 14:37:14,881 "GET /image/pag/?page=1&page_size=4 HTTP/1.1" 200 299
INFO 2026-04-01 14:37:14,884 "GET /image/ HTTP/1.1" 200 299
INFO 2026-04-01 14:37:14,895 "GET /category/ HTTP/1.1" 200 539
INFO 2026-04-01 14:37:15,008 "GET /book/ HTTP/1.1" 200 419
INFO 2026-04-01 14:37:15,068 "GET /search/book/?name= HTTP/1.1" 200 2
INFO 2026-04-01 14:37:20,109 "GET /user/2/ HTTP/1.1" 200 71
INFO 2026-04-01 14:37:20,109 "GET /getusers/ HTTP/1.1" 200 38
INFO 2026-04-01 14:37:20,142 "GET /issue/user/2/ HTTP/1.1" 200 308
INFO 2026-04-01 14:37:20,259 "GET /user/2/ HTTP/1.1" 200 71
INFO 2026-04-01 14:37:20,259 "GET /getusers/ HTTP/1.1" 200 38
INFO 2026-04-01 14:37:20,276 "GET /issue/user/2/ HTTP/1.1" 200 308
INFO 2026-04-01 14:37:20,370 "GET /issue/user/2/ HTTP/1.1" 200 308
INFO 2026-04-01 14:37:20,592 "GET /issue/user/2/ HTTP/1.1" 200 308
INFO 2026-04-01 14:39:25,478 "GET /category/ HTTP/1.1" 200 539
INFO 2026-04-01 14:39:25,482 "GET /image/ HTTP/1.1" 200 299
INFO 2026-04-01 14:39:25,516 "GET /image/pag/?page=1&page_size=4 HTTP/1.1" 200 299
INFO 2026-04-01 14:39:25,547 "GET /search/book/?name= HTTP/1.1" 200 2
INFO 2026-04-01 14:39:25,562 "GET /book/ HTTP/1.1" 200 419
INFO 2026-04-01 14:39:25,656 "GET /category/ HTTP/1.1" 200 539
INFO 2026-04-01 14:39:25,727 "GET /image/ HTTP/1.1" 200 299
INFO 2026-04-01 14:39:25,825 "GET /search/book/?name= HTTP/1.1" 200 2
INFO 2026-04-01 14:39:25,835 "GET /book/ HTTP/1.1" 200 419
INFO 2026-04-01 14:39:25,865 "GET /image/pag/?page=1&page_size=4 HTTP/1.1" 200 299
INFO 2026-04-01 14:39:28,662 "GET /image/ HTTP/1.1" 200 299
INFO 2026-04-01 14:39:28,709 "GET /image/pag/?page=1&page_size=4 HTTP/1.1" 200 299
INFO 2026-04-01 14:39:28,794 "GET /image/ HTTP/1.1" 200 299
INFO 2026-04-01 14:39:28,808 "GET /image/pag/?page=1&page_size=4 HTTP/1.1" 200 299
INFO 2026-04-01 14:39:39,160 "POST /login/ HTTP/1.1" 200 1718
INFO 2026-04-01 14:39:39,369 "GET /issue/user/1/ HTTP/1.1" 200 229
INFO 2026-04-01 14:39:39,418 "GET /chart/ HTTP/1.1" 200 51
INFO 2026-04-01 14:39:39,525 "GET /getusers/ HTTP/1.1" 200 38
INFO 2026-04-01 14:39:39,581 "GET /user/1/ HTTP/1.1" 200 74
INFO 2026-04-01 14:39:39,644 "GET /issue/user/1/ HTTP/1.1" 200 229
INFO 2026-04-01 14:39:39,659 "GET /chart/ HTTP/1.1" 200 51
INFO 2026-04-01 14:39:39,789 "GET /user/1/ HTTP/1.1" 200 74
INFO 2026-04-01 14:39:39,847 "GET /issue/user/1/ HTTP/1.1" 200 229
INFO 2026-04-01 14:39:39,847 "GET /getusers/ HTTP/1.1" 200 38
INFO 2026-04-01 14:39:39,967 "GET /issue/user/1/ HTTP/1.1" 200 229
INFO 2026-04-01 14:39:42,749 "GET /book/ HTTP/1.1" 200 419
INFO 2026-04-01 14:39:42,749 "GET /search/book/?name= HTTP/1.1" 200 2
INFO 2026-04-01 14:39:42,765 "GET /category/ HTTP/1.1" 200 539
INFO 2026-04-01 14:39:43,015 "GET /category/ HTTP/1.1" 200 539
INFO 2026-04-01 14:39:43,031 "GET /search/book/?name= HTTP/1.1" 200 2
INFO 2026-04-01 14:39:43,033 "GET /book/ HTTP/1.1" 200 419
INFO 2026-04-01 14:39:44,176 "OPTIONS /author/ HTTP/1.1" 200 0
INFO 2026-04-01 14:39:44,178 "OPTIONS /author/ HTTP/1.1" 200 0
INFO 2026-04-01 14:39:44,293 "GET /category/ HTTP/1.1" 200 539
INFO 2026-04-01 14:39:44,325 "GET /author/ HTTP/1.1" 200 591
INFO 2026-04-01 14:39:44,418 "GET /category/ HTTP/1.1" 200 539
INFO 2026-04-01 14:39:44,450 "GET /author/ HTTP/1.1" 200 591
INFO 2026-04-01 14:39:46,950 "GET /author/ HTTP/1.1" 200 591
INFO 2026-04-01 14:39:51,557 "OPTIONS /author/delete/1/ HTTP/1.1" 200 0
INFO 2026-04-01 14:39:51,689 "DELETE /author/delete/1/ HTTP/1.1" 200 30
INFO 2026-04-01 14:39:51,767 "GET /author/ HTTP/1.1" 200 500
INFO 2026-04-01 14:39:56,999 "GET /category/ HTTP/1.1" 200 539
INFO 2026-04-01 14:40:06,614 "GET /book/ HTTP/1.1" 200 419
INFO 2026-04-01 14:40:06,614 "GET /category/ HTTP/1.1" 200 539
INFO 2026-04-01 14:40:06,632 "GET /search/book/?name= HTTP/1.1" 200 2
INFO 2026-04-01 14:40:06,730 "GET /category/ HTTP/1.1" 200 539
INFO 2026-04-01 14:40:06,746 "GET /book/ HTTP/1.1" 200 419
INFO 2026-04-01 14:40:06,770 "GET /search/book/?name= HTTP/1.1" 200 2
INFO 2026-04-01 15:19:40,303 "GET /issue/user/1/ HTTP/1.1" 200 229
INFO 2026-04-01 15:19:40,339 "GET /getusers/ HTTP/1.1" 200 38
INFO 2026-04-01 15:19:40,362 "GET /user/1/ HTTP/1.1" 200 74
INFO 2026-04-01 15:19:40,518 "GET /chart/ HTTP/1.1" 200 51
INFO 2026-04-01 15:19:40,580 "GET /getusers/ HTTP/1.1" 200 38
INFO 2026-04-01 15:19:40,609 "GET /issue/user/1/ HTTP/1.1" 200 229
INFO 2026-04-01 15:19:40,682 "GET /user/1/ HTTP/1.1" 200 74
INFO 2026-04-01 15:19:40,760 "GET /chart/ HTTP/1.1" 200 51
INFO 2026-04-01 15:19:40,766 "GET /issue/user/1/ HTTP/1.1" 200 229
INFO 2026-04-01 15:19:40,895 "GET /issue/user/1/ HTTP/1.1" 200 229
INFO 2026-04-01 15:19:42,916 "GET /image/ HTTP/1.1" 200 299
INFO 2026-04-01 15:19:42,922 "GET /image/pag/?page=1&page_size=4 HTTP/1.1" 200 299
INFO 2026-04-01 15:19:43,084 "GET /image/ HTTP/1.1" 200 299
INFO 2026-04-01 15:19:43,097 "GET /image/pag/?page=1&page_size=4 HTTP/1.1" 200 299
INFO 2026-04-01 15:20:06,473 "OPTIONS /login/ HTTP/1.1" 200 0
INFO 2026-04-01 15:20:07,107 "POST /login/ HTTP/1.1" 200 1013
INFO 2026-04-01 15:20:07,407 "GET /category/ HTTP/1.1" 200 539
INFO 2026-04-01 15:20:07,449 "GET /book/ HTTP/1.1" 200 419
INFO 2026-04-01 15:20:07,464 "GET /image/ HTTP/1.1" 200 299
INFO 2026-04-01 15:20:07,492 "GET /image/pag/?page=1&page_size=4 HTTP/1.1" 200 299
INFO 2026-04-01 15:20:07,495 "GET /search/book/?name= HTTP/1.1" 200 2
INFO 2026-04-01 15:20:07,657 "GET /category/ HTTP/1.1" 200 539
INFO 2026-04-01 15:20:07,691 "GET /book/ HTTP/1.1" 200 419
INFO 2026-04-01 15:20:07,756 "GET /search/book/?name= HTTP/1.1" 200 2
INFO 2026-04-01 15:20:07,758 "GET /image/pag/?page=1&page_size=4 HTTP/1.1" 200 299
INFO 2026-04-01 15:20:07,761 "GET /image/ HTTP/1.1" 200 299
WARNING 2026-04-01 15:34:59,954 Not Found: /docs
WARNING 2026-04-01 15:34:59,954 "GET /docs HTTP/1.1" 404 10269
INFO 2026-04-01 16:47:17,579 "OPTIONS /book/ HTTP/1.1" 200 0
INFO 2026-04-01 16:47:17,595 "OPTIONS /category/ HTTP/1.1" 200 0
INFO 2026-04-01 16:47:17,596 "OPTIONS /search/book/?name= HTTP/1.1" 200 0
INFO 2026-04-01 16:47:17,636 "OPTIONS /search/book/?name= HTTP/1.1" 200 0
INFO 2026-04-01 16:47:17,709 "OPTIONS /category/ HTTP/1.1" 200 0
INFO 2026-04-01 16:47:17,816 "OPTIONS /book/ HTTP/1.1" 200 0
INFO 2026-04-01 16:47:17,994 "GET /image/ HTTP/1.1" 200 299
INFO 2026-04-01 16:47:17,994 "GET /image/pag/?page=1&page_size=4 HTTP/1.1" 200 299
INFO 2026-04-01 16:47:17,995 "GET /search/book/?name= HTTP/1.1" 200 2
INFO 2026-04-01 16:47:18,042 "GET /book/ HTTP/1.1" 200 419
INFO 2026-04-01 16:47:18,215 "GET /category/ HTTP/1.1" 200 539
INFO 2026-04-01 16:47:18,231 "GET /search/book/?name= HTTP/1.1" 200 2
INFO 2026-04-01 16:47:18,252 "GET /image/ HTTP/1.1" 200 299
INFO 2026-04-01 16:47:18,282 "GET /image/pag/?page=1&page_size=4 HTTP/1.1" 200 299
INFO 2026-04-01 16:47:18,384 "GET /book/ HTTP/1.1" 200 419
INFO 2026-04-01 16:47:18,457 "GET /category/ HTTP/1.1" 200 539
INFO 2026-04-01 16:47:23,146 "GET /getusers/ HTTP/1.1" 200 38
INFO 2026-04-01 16:47:23,166 "GET /user/2/ HTTP/1.1" 200 71
INFO 2026-04-01 16:47:23,170 "GET /issue/user/2/ HTTP/1.1" 200 308
INFO 2026-04-01 16:47:23,395 "GET /user/2/ HTTP/1.1" 200 71
INFO 2026-04-01 16:47:23,395 "GET /getusers/ HTTP/1.1" 200 38
INFO 2026-04-01 16:47:23,415 "GET /issue/user/2/ HTTP/1.1" 200 308
INFO 2026-04-01 16:47:23,583 "GET /issue/user/2/ HTTP/1.1" 200 308
INFO 2026-04-01 16:47:23,685 "GET /issue/user/2/ HTTP/1.1" 200 308
INFO 2026-04-01 16:47:29,734 "OPTIONS /user/2/ HTTP/1.1" 200 0
WARNING 2026-04-01 16:47:29,794 Bad Request: /user/2/
WARNING 2026-04-01 16:47:29,799 "PUT /user/2/ HTTP/1.1" 400 41
WARNING 2026-04-01 16:47:51,111 Bad Request: /user/2/
WARNING 2026-04-01 16:47:51,112 "PUT /user/2/ HTTP/1.1" 400 41
INFO 2026-04-01 16:47:51,691 "GET /user/2/ HTTP/1.1" 200 71
INFO 2026-04-01 16:47:54,302 "GET /user/2/ HTTP/1.1" 200 71
INFO 2026-04-01 16:47:54,328 "GET /getusers/ HTTP/1.1" 200 38
INFO 2026-04-01 16:47:54,359 "GET /issue/user/2/ HTTP/1.1" 200 308
INFO 2026-04-01 16:47:54,548 "GET /user/2/ HTTP/1.1" 200 71
INFO 2026-04-01 16:47:54,571 "GET /getusers/ HTTP/1.1" 200 38
INFO 2026-04-01 16:47:54,578 "GET /issue/user/2/ HTTP/1.1" 200 308
INFO 2026-04-01 16:47:54,725 "GET /issue/user/2/ HTTP/1.1" 200 308
INFO 2026-04-01 16:47:54,868 "GET /issue/user/2/ HTTP/1.1" 200 308
WARNING 2026-04-01 16:47:57,203 Bad Request: /user/2/
WARNING 2026-04-01 16:47:57,211 "PUT /user/2/ HTTP/1.1" 400 41
INFO 2026-04-01 16:50:03,053 "GET /user/2/ HTTP/1.1" 200 71
INFO 2026-04-01 16:52:20,374 "GET /user/2/ HTTP/1.1" 200 71
INFO 2026-04-01 16:53:40,421 "GET /user/2/ HTTP/1.1" 200 71
INFO 2026-04-01 16:53:56,330 "GET /user/2/ HTTP/1.1" 200 71
INFO 2026-04-01 16:53:56,433 "GET /getusers/ HTTP/1.1" 200 38
INFO 2026-04-01 16:53:56,513 "GET /issue/user/2/ HTTP/1.1" 200 308
INFO 2026-04-01 16:53:56,603 "GET /user/2/ HTTP/1.1" 200 71
INFO 2026-04-01 16:53:56,711 "GET /getusers/ HTTP/1.1" 200 38
INFO 2026-04-01 16:53:56,871 "GET /issue/user/2/ HTTP/1.1" 200 308
INFO 2026-04-01 16:53:57,142 "GET /issue/user/2/ HTTP/1.1" 200 308
INFO 2026-04-01 16:53:57,314 "GET /issue/user/2/ HTTP/1.1" 200 308
INFO 2026-04-01 16:54:39,368 "GET /user/2/ HTTP/1.1" 200 8869
INFO 2026-04-01 16:54:46,996 "PUT /user/2/ HTTP/1.1" 200 8746
INFO 2026-04-01 16:54:49,666 "GET /user/2/ HTTP/1.1" 200 8870
INFO 2026-04-01 16:54:55,707 "GET /user/2/ HTTP/1.1" 200 72
INFO 2026-04-01 16:54:55,728 "GET /getusers/ HTTP/1.1" 200 39
INFO 2026-04-01 16:54:55,764 "GET /issue/user/2/ HTTP/1.1" 200 311
INFO 2026-04-01 16:54:56,322 "GET /getusers/ HTTP/1.1" 200 39
INFO 2026-04-01 16:54:56,436 "GET /user/2/ HTTP/1.1" 200 72
INFO 2026-04-01 16:54:56,745 "GET /issue/user/2/ HTTP/1.1" 200 311
INFO 2026-04-01 16:54:56,998 "GET /issue/user/2/ HTTP/1.1" 200 311
INFO 2026-04-01 16:54:57,266 "GET /issue/user/2/ HTTP/1.1" 200 311
INFO 2026-04-01 16:55:15,399 "GET /getusers/ HTTP/1.1" 200 39
INFO 2026-04-01 16:55:15,413 "GET /issue/user/2/ HTTP/1.1" 200 311
INFO 2026-04-01 16:55:15,449 "GET /user/2/ HTTP/1.1" 200 72
INFO 2026-04-01 16:55:15,696 "GET /user/2/ HTTP/1.1" 200 72
INFO 2026-04-01 16:55:15,719 "GET /getusers/ HTTP/1.1" 200 39
INFO 2026-04-01 16:55:15,723 "GET /issue/user/2/ HTTP/1.1" 200 311
INFO 2026-04-01 16:55:15,855 "GET /issue/user/2/ HTTP/1.1" 200 311
INFO 2026-04-01 16:55:16,579 "GET /issue/user/2/ HTTP/1.1" 200 311
INFO 2026-04-01 16:55:53,510 "GET /user/2/ HTTP/1.1" 200 72
INFO 2026-04-01 16:56:05,953 "GET /user/2/ HTTP/1.1" 200 72
INFO 2026-04-01 16:56:06,000 "GET /getusers/ HTTP/1.1" 200 39
INFO 2026-04-01 16:56:06,071 "GET /issue/user/2/ HTTP/1.1" 200 311
INFO 2026-04-01 16:56:06,198 "GET /user/2/ HTTP/1.1" 200 72
INFO 2026-04-01 16:56:06,379 "GET /getusers/ HTTP/1.1" 200 39
INFO 2026-04-01 16:56:06,590 "GET /issue/user/2/ HTTP/1.1" 200 311
INFO 2026-04-01 16:56:06,829 "GET /issue/user/2/ HTTP/1.1" 200 311
INFO 2026-04-01 16:56:07,012 "GET /issue/user/2/ HTTP/1.1" 200 311
INFO 2026-04-01 16:56:17,084 "GET /user/2/ HTTP/1.1" 200 72
INFO 2026-04-01 16:57:21,944 "GET /user/2/ HTTP/1.1" 200 72
INFO 2026-04-01 16:58:26,011 "GET /user/2/ HTTP/1.1" 200 72
INFO 2026-04-01 16:59:13,038 "GET /user/2/ HTTP/1.1" 200 8870
INFO 2026-04-01 16:59:27,761 "GET /user/2/ HTTP/1.1" 200 72
INFO 2026-04-01 16:59:36,144 "GET /user/2/ HTTP/1.1" 200 72
INFO 2026-04-01 16:59:36,182 "GET /issue/user/2/ HTTP/1.1" 200 311
INFO 2026-04-01 16:59:36,246 "GET /getusers/ HTTP/1.1" 200 39
INFO 2026-04-01 16:59:36,422 "GET /user/2/ HTTP/1.1" 200 72
INFO 2026-04-01 16:59:36,507 "GET /issue/user/2/ HTTP/1.1" 200 311
INFO 2026-04-01 16:59:36,603 "GET /getusers/ HTTP/1.1" 200 39
INFO 2026-04-01 16:59:36,880 "GET /issue/user/2/ HTTP/1.1" 200 311
INFO 2026-04-01 16:59:37,434 "GET /issue/user/2/ HTTP/1.1" 200 311
INFO 2026-04-01 16:59:48,068 "GET /getusers/ HTTP/1.1" 200 39
INFO 2026-04-01 16:59:48,128 "GET /user/2/ HTTP/1.1" 200 72
INFO 2026-04-01 16:59:48,148 "GET /issue/user/2/ HTTP/1.1" 200 311
INFO 2026-04-01 16:59:48,284 "GET /getusers/ HTTP/1.1" 200 39
INFO 2026-04-01 16:59:48,411 "GET /user/2/ HTTP/1.1" 200 72
INFO 2026-04-01 16:59:48,440 "GET /issue/user/2/ HTTP/1.1" 200 311
INFO 2026-04-01 16:59:48,603 "GET /issue/user/2/ HTTP/1.1" 200 311
INFO 2026-04-01 16:59:48,770 "GET /issue/user/2/ HTTP/1.1" 200 311
INFO 2026-04-01 17:00:01,627 "GET /user/2/ HTTP/1.1" 200 72
INFO 2026-04-01 17:00:01,738 "GET /getusers/ HTTP/1.1" 200 39
INFO 2026-04-01 17:00:01,803 "GET /issue/user/2/ HTTP/1.1" 200 311
INFO 2026-04-01 17:00:01,913 "GET /user/2/ HTTP/1.1" 200 72
INFO 2026-04-01 17:00:01,958 "GET /getusers/ HTTP/1.1" 200 39
INFO 2026-04-01 17:00:02,037 "GET /issue/user/2/ HTTP/1.1" 200 311
INFO 2026-04-01 17:00:02,183 "GET /issue/user/2/ HTTP/1.1" 200 311
INFO 2026-04-01 17:00:02,338 "GET /issue/user/2/ HTTP/1.1" 200 311
INFO 2026-04-01 17:00:33,049 "GET /user/2/ HTTP/1.1" 200 72
INFO 2026-04-01 17:02:56,019 "GET /user/2/ HTTP/1.1" 200 72
INFO 2026-04-01 17:03:02,368 "GET /user/2/ HTTP/1.1" 200 72
INFO 2026-04-01 17:03:20,825 "GET /user/2/ HTTP/1.1" 200 72
INFO 2026-04-01 17:03:38,217 "GET /user/2/ HTTP/1.1" 200 72
INFO 2026-04-01 17:04:28,019 "PUT /user/2/ HTTP/1.1" 200 34
INFO 2026-04-01 17:04:35,054 "GET /getusers/ HTTP/1.1" 200 41
INFO 2026-04-01 17:04:35,173 "GET /user/2/ HTTP/1.1" 200 74
INFO 2026-04-01 17:04:35,210 "GET /issue/user/2/ HTTP/1.1" 200 317
INFO 2026-04-01 17:04:35,497 "GET /user/2/ HTTP/1.1" 200 74
INFO 2026-04-01 17:04:35,706 "GET /getusers/ HTTP/1.1" 200 41
INFO 2026-04-01 17:04:35,713 "GET /issue/user/2/ HTTP/1.1" 200 317
INFO 2026-04-01 17:04:35,863 "GET /issue/user/2/ HTTP/1.1" 200 317
INFO 2026-04-01 17:04:35,951 "GET /issue/user/2/ HTTP/1.1" 200 317
INFO 2026-04-01 17:04:53,008 "GET /user/2/ HTTP/1.1" 200 74
INFO 2026-04-01 17:04:56,281 "PUT /user/2/ HTTP/1.1" 200 34
INFO 2026-04-01 17:04:58,375 "GET /issue/user/2/ HTTP/1.1" 200 311
INFO 2026-04-01 17:04:58,450 "GET /getusers/ HTTP/1.1" 200 39
INFO 2026-04-01 17:04:58,459 "GET /user/2/ HTTP/1.1" 200 72
INFO 2026-04-01 17:04:58,712 "GET /issue/user/2/ HTTP/1.1" 200 311
INFO 2026-04-01 17:04:58,712 "GET /user/2/ HTTP/1.1" 200 72
INFO 2026-04-01 17:04:58,712 "GET /getusers/ HTTP/1.1" 200 39
INFO 2026-04-01 17:04:58,864 "GET /issue/user/2/ HTTP/1.1" 200 311
INFO 2026-04-01 17:04:58,955 "GET /issue/user/2/ HTTP/1.1" 200 311
INFO 2026-04-01 17:07:04,500 "GET /image/ HTTP/1.1" 200 299
INFO 2026-04-01 17:07:04,572 "GET /image/pag/?page=1&page_size=4 HTTP/1.1" 200 299
INFO 2026-04-01 17:07:04,614 "GET /book/ HTTP/1.1" 200 419
INFO 2026-04-01 17:07:04,631 "GET /category/ HTTP/1.1" 200 539
INFO 2026-04-01 17:07:04,658 "GET /search/book/?name= HTTP/1.1" 200 2
INFO 2026-04-01 17:07:04,922 "GET /book/ HTTP/1.1" 200 419
INFO 2026-04-01 17:07:04,926 "GET /image/ HTTP/1.1" 200 299
INFO 2026-04-01 17:07:04,937 "GET /image/pag/?page=1&page_size=4 HTTP/1.1" 200 299
INFO 2026-04-01 17:07:04,967 "GET /category/ HTTP/1.1" 200 539
INFO 2026-04-01 17:07:05,014 "GET /search/book/?name= HTTP/1.1" 200 2
INFO 2026-04-01 17:07:06,517 "GET /getusers/ HTTP/1.1" 200 39
INFO 2026-04-01 17:07:06,527 "GET /user/2/ HTTP/1.1" 200 72
INFO 2026-04-01 17:07:06,566 "GET /issue/user/2/ HTTP/1.1" 200 311
INFO 2026-04-01 17:07:06,742 "GET /user/2/ HTTP/1.1" 200 72
INFO 2026-04-01 17:07:06,748 "GET /getusers/ HTTP/1.1" 200 39
INFO 2026-04-01 17:07:06,769 "GET /issue/user/2/ HTTP/1.1" 200 311
INFO 2026-04-01 17:07:06,881 "GET /issue/user/2/ HTTP/1.1" 200 311
INFO 2026-04-01 17:07:07,003 "GET /issue/user/2/ HTTP/1.1" 200 311
INFO 2026-04-01 17:26:40,334 "GET / HTTP/1.1" 200 32
INFO 2026-04-01 17:27:00,978 "GET / HTTP/1.1" 200 32
INFO 2026-04-01 17:27:44,145 "GET / HTTP/1.1" 200 32
INFO 2026-04-01 17:27:50,080 "GET / HTTP/1.1" 200 32
INFO 2026-04-01 17:32:19,657 Watching for file changes with StatReloader
INFO 2026-04-01 17:35:34,664 "GET /user/1/ HTTP/1.1" 200 8872
INFO 2026-04-01 17:36:37,934 "GET /image/ HTTP/1.1" 200 299
INFO 2026-04-01 17:36:37,938 "GET /image/pag/?page=1&page_size=4 HTTP/1.1" 200 299
INFO 2026-04-01 17:36:37,953 "GET /category/ HTTP/1.1" 200 539
INFO 2026-04-01 17:36:37,967 "GET /book/ HTTP/1.1" 200 419
INFO 2026-04-01 17:36:38,110 "GET /search/book/?name= HTTP/1.1" 200 2
INFO 2026-04-01 17:36:38,193 "GET /image/pag/?page=1&page_size=4 HTTP/1.1" 200 299
INFO 2026-04-01 17:36:38,214 "GET /image/ HTTP/1.1" 200 299
INFO 2026-04-01 17:36:38,278 "GET /book/ HTTP/1.1" 200 419
INFO 2026-04-01 17:36:38,286 "GET /category/ HTTP/1.1" 200 539
INFO 2026-04-01 17:36:38,359 "GET /search/book/?name= HTTP/1.1" 200 2
INFO 2026-04-01 17:36:41,232 "GET /issue/user/2/ HTTP/1.1" 200 311
INFO 2026-04-01 17:36:41,281 "GET /getusers/ HTTP/1.1" 200 39
INFO 2026-04-01 17:36:41,306 "GET /user/2/ HTTP/1.1" 200 72
INFO 2026-04-01 17:36:41,461 "GET /issue/user/2/ HTTP/1.1" 200 311
INFO 2026-04-01 17:36:41,485 "GET /user/2/ HTTP/1.1" 200 72
INFO 2026-04-01 17:36:41,485 "GET /getusers/ HTTP/1.1" 200 39
INFO 2026-04-01 17:36:41,583 "GET /issue/user/2/ HTTP/1.1" 200 311
INFO 2026-04-01 17:36:41,691 "GET /issue/user/2/ HTTP/1.1" 200 311
INFO 2026-04-01 17:46:56,927 "GET /user/2/ HTTP/1.1" 200 72
INFO 2026-04-01 17:47:23,667 "GET /image/pag/?page=1&page_size=4 HTTP/1.1" 200 299
INFO 2026-04-01 17:47:23,703 "GET /image/ HTTP/1.1" 200 299
INFO 2026-04-01 17:47:23,819 "GET /image/pag/?page=1&page_size=4 HTTP/1.1" 200 299
INFO 2026-04-01 17:47:23,877 "GET /image/ HTTP/1.1" 200 299
INFO 2026-04-01 17:47:50,057 "OPTIONS /login/ HTTP/1.1" 200 0
INFO 2026-04-01 17:47:51,398 "POST /login/ HTTP/1.1" 200 1014
INFO 2026-04-01 17:47:51,732 "GET /image/ HTTP/1.1" 200 299
INFO 2026-04-01 17:47:51,783 "GET /image/pag/?page=1&page_size=4 HTTP/1.1" 200 299
INFO 2026-04-01 17:47:51,897 "GET /search/book/?name= HTTP/1.1" 200 2
INFO 2026-04-01 17:47:51,968 "GET /category/ HTTP/1.1" 200 539
INFO 2026-04-01 17:47:52,032 "GET /image/ HTTP/1.1" 200 299
INFO 2026-04-01 17:47:52,040 "GET /book/ HTTP/1.1" 200 419
INFO 2026-04-01 17:47:52,080 "GET /image/pag/?page=1&page_size=4 HTTP/1.1" 200 299
INFO 2026-04-01 17:47:52,153 "GET /search/book/?name= HTTP/1.1" 200 2
INFO 2026-04-01 17:47:52,250 "GET /category/ HTTP/1.1" 200 539
INFO 2026-04-01 17:47:52,296 "GET /book/ HTTP/1.1" 200 419
INFO 2026-04-01 17:47:58,420 "GET /user/2/ HTTP/1.1" 200 72
INFO 2026-04-01 17:47:58,431 "GET /getusers/ HTTP/1.1" 200 39
INFO 2026-04-01 17:47:58,457 "GET /issue/user/2/ HTTP/1.1" 200 311
INFO 2026-04-01 17:47:58,713 "GET /getusers/ HTTP/1.1" 200 39
INFO 2026-04-01 17:47:58,738 "GET /issue/user/2/ HTTP/1.1" 200 311
INFO 2026-04-01 17:47:58,738 "GET /user/2/ HTTP/1.1" 200 72
INFO 2026-04-01 17:47:58,853 "GET /issue/user/2/ HTTP/1.1" 200 311
INFO 2026-04-01 17:47:58,984 "GET /issue/user/2/ HTTP/1.1" 200 311
INFO 2026-04-01 17:48:09,480 "GET /user/2/ HTTP/1.1" 200 72
INFO 2026-04-01 17:48:57,735 "GET /user/2/ HTTP/1.1" 200 72
INFO 2026-04-01 17:49:04,690 "GET /user/2/ HTTP/1.1" 200 72
INFO 2026-04-01 17:54:57,370 "GET /image/ HTTP/1.1" 200 299
INFO 2026-04-01 17:54:57,392 "GET /image/pag/?page=1&page_size=4 HTTP/1.1" 200 299
INFO 2026-04-01 17:54:57,490 "GET /image/ HTTP/1.1" 200 299
INFO 2026-04-01 17:54:57,519 "GET /image/pag/?page=1&page_size=4 HTTP/1.1" 200 299
INFO 2026-04-01 17:55:07,531 "POST /login/ HTTP/1.1" 200 1718
INFO 2026-04-01 17:55:07,791 "GET /getusers/ HTTP/1.1" 200 39
INFO 2026-04-01 17:55:07,809 "GET /issue/user/1/ HTTP/1.1" 200 229
INFO 2026-04-01 17:55:07,851 "GET /user/1/ HTTP/1.1" 200 74
INFO 2026-04-01 17:55:08,027 "GET /chart/ HTTP/1.1" 200 51
INFO 2026-04-01 17:55:08,047 "GET /getusers/ HTTP/1.1" 200 39
INFO 2026-04-01 17:55:08,102 "GET /issue/user/1/ HTTP/1.1" 200 229
INFO 2026-04-01 17:55:08,131 "GET /user/1/ HTTP/1.1" 200 74
INFO 2026-04-01 17:55:08,235 "GET /chart/ HTTP/1.1" 200 51
INFO 2026-04-01 17:55:08,341 "GET /issue/user/1/ HTTP/1.1" 200 229
INFO 2026-04-01 17:55:08,571 "GET /issue/user/1/ HTTP/1.1" 200 229
INFO 2026-04-01 17:56:04,332 "GET /chart/ HTTP/1.1" 200 51
WARNING 2026-04-01 18:09:39,052 Not Found: /redoc
WARNING 2026-04-01 18:09:39,053 "GET /redoc HTTP/1.1" 404 10272
WARNING 2026-04-01 18:09:46,946 Not Found: /items/5
WARNING 2026-04-01 18:09:46,948 "GET /items/5?q=somequery HTTP/1.1" 404 10290
WARNING 2026-04-01 18:10:11,326 Not Found: /docs
WARNING 2026-04-01 18:10:11,326 "GET /docs HTTP/1.1" 404 10269
INFO 2026-04-01 18:29:27,747 Watching for file changes with StatReloader
INFO 2026-04-01 18:33:14,445 Watching for file changes with StatReloader
INFO 2026-04-01 18:37:17,232 Watching for file changes with StatReloader
INFO 2026-04-01 18:42:46,856 Watching for file changes with StatReloader
INFO 2026-04-01 18:43:53,635 Watching for file changes with StatReloader
INFO 2026-04-01 18:52:51,239 Watching for file changes with StatReloader
INFO 2026-04-01 18:53:38,344 Watching for file changes with StatReloader
INFO 2026-04-01 18:53:48,175 "GET / HTTP/1.1" 200 32
WARNING 2026-04-01 18:53:48,350 Not Found: /favicon.ico
WARNING 2026-04-01 18:53:48,352 "GET /favicon.ico HTTP/1.1" 404 10290
INFO 2026-04-01 18:54:10,516 "GET / HTTP/1.1" 200 32
INFO 2026-04-01 18:54:38,172 "GET /book/ HTTP/1.1" 200 10962
INFO 2026-04-01 18:54:38,256 "GET /static/rest_framework/css/bootstrap-tweaks.css HTTP/1.1" 200 3426
INFO 2026-04-01 18:54:38,256 "GET /static/rest_framework/css/prettify.css HTTP/1.1" 200 817
INFO 2026-04-01 18:54:38,256 "GET /static/rest_framework/css/default.css HTTP/1.1" 200 1152
INFO 2026-04-01 18:54:38,299 "GET /static/rest_framework/css/bootstrap.min.css HTTP/1.1" 200 121457
INFO 2026-04-01 18:54:38,398 "GET /static/rest_framework/js/default.js HTTP/1.1" 200 1268
INFO 2026-04-01 18:54:38,414 "GET /static/rest_framework/js/prettify-min.js HTTP/1.1" 200 13632
INFO 2026-04-01 18:54:38,453 "GET /static/rest_framework/js/bootstrap.min.js HTTP/1.1" 200 39680
INFO 2026-04-01 18:54:38,462 "GET /static/rest_framework/js/ajax-form.js HTTP/1.1" 200 3796
INFO 2026-04-01 18:54:38,474 "GET /static/rest_framework/img/grid.png HTTP/1.1" 200 1458
INFO 2026-04-01 18:54:38,489 "GET /static/rest_framework/js/load-ajax-form.js HTTP/1.1" 200 59
INFO 2026-04-01 18:54:38,523 "GET /static/rest_framework/js/csrf.js HTTP/1.1" 200 1793
INFO 2026-04-01 18:54:38,589 "GET /static/rest_framework/js/jquery-3.7.1.min.js HTTP/1.1" 200 87533
INFO 2026-04-01 18:57:12,543 Watching for file changes with StatReloader
INFO 2026-04-02 09:22:49,405 Watching for file changes with StatReloader
INFO 2026-04-02 09:24:16,912 Watching for file changes with StatReloader
INFO 2026-04-02 09:24:31,589 "GET / HTTP/1.1" 200 32
WARNING 2026-04-02 09:24:32,362 Not Found: /favicon.ico
WARNING 2026-04-02 09:24:32,364 "GET /favicon.ico HTTP/1.1" 404 10290
INFO 2026-04-02 09:28:02,223 "GET /image/ HTTP/1.1" 200 299
INFO 2026-04-02 09:28:02,223 "GET /image/pag/?page=1&page_size=4 HTTP/1.1" 200 299
INFO 2026-04-02 09:28:02,335 "GET /image/ HTTP/1.1" 200 299
INFO 2026-04-02 09:28:02,337 "GET /image/pag/?page=1&page_size=4 HTTP/1.1" 200 299
INFO 2026-04-02 09:28:02,564 "GET /media/demo/book1.jfif HTTP/1.1" 304 0
INFO 2026-04-02 09:28:02,568 "GET /media/demo/book10.jfif HTTP/1.1" 304 0
INFO 2026-04-02 09:28:02,569 "GET /media/demo/book5.jfif HTTP/1.1" 304 0
INFO 2026-04-02 09:28:02,585 "GET /media/demo/book8.jfif HTTP/1.1" 304 0
INFO 2026-04-02 09:45:33,930 "GET /image/pag/?page=1&page_size=4 HTTP/1.1" 200 299
INFO 2026-04-02 09:45:33,955 "GET /image/ HTTP/1.1" 200 299
INFO 2026-04-02 09:45:34,095 "GET /image/pag/?page=1&page_size=4 HTTP/1.1" 200 299
INFO 2026-04-02 09:45:34,159 "GET /image/ HTTP/1.1" 200 299
INFO 2026-04-02 09:48:08,846 "OPTIONS /login/ HTTP/1.1" 200 0
INFO 2026-04-02 09:48:09,744 "POST /login/ HTTP/1.1" 200 1014
INFO 2026-04-02 09:48:09,898 "OPTIONS /book/ HTTP/1.1" 200 0
INFO 2026-04-02 09:48:09,906 "OPTIONS /search/book/?name= HTTP/1.1" 200 0
INFO 2026-04-02 09:48:09,919 "OPTIONS /search/book/?name= HTTP/1.1" 200 0
INFO 2026-04-02 09:48:09,922 "OPTIONS /category/ HTTP/1.1" 200 0
INFO 2026-04-02 09:48:09,953 "OPTIONS /category/ HTTP/1.1" 200 0
INFO 2026-04-02 09:48:10,083 "GET /image/ HTTP/1.1" 200 299
INFO 2026-04-02 09:48:10,160 "GET /category/ HTTP/1.1" 200 539
INFO 2026-04-02 09:48:10,160 "GET /search/book/?name= HTTP/1.1" 200 2
INFO 2026-04-02 09:48:10,298 "GET /image/pag/?page=1&page_size=4 HTTP/1.1" 200 299
INFO 2026-04-02 09:48:10,382 "GET /book/ HTTP/1.1" 200 419
INFO 2026-04-02 09:48:10,466 "GET /image/ HTTP/1.1" 200 299
INFO 2026-04-02 09:48:10,504 "GET /category/ HTTP/1.1" 200 539
INFO 2026-04-02 09:48:10,547 "GET /search/book/?name= HTTP/1.1" 200 2
INFO 2026-04-02 09:48:10,622 "GET /image/pag/?page=1&page_size=4 HTTP/1.1" 200 299
INFO 2026-04-02 09:48:10,656 "GET /book/ HTTP/1.1" 200 419
INFO 2026-04-02 09:48:23,772 "GET /user/2/ HTTP/1.1" 200 72
INFO 2026-04-02 09:48:23,798 "GET /getusers/ HTTP/1.1" 200 39
INFO 2026-04-02 09:48:23,839 "GET /issue/user/2/ HTTP/1.1" 200 311
INFO 2026-04-02 09:48:24,007 "GET /user/2/ HTTP/1.1" 200 72
INFO 2026-04-02 09:48:24,018 "GET /getusers/ HTTP/1.1" 200 39
INFO 2026-04-02 09:48:24,051 "GET /issue/user/2/ HTTP/1.1" 200 311
INFO 2026-04-02 09:48:24,168 "GET /issue/user/2/ HTTP/1.1" 200 311
INFO 2026-04-02 09:48:24,279 "GET /issue/user/2/ HTTP/1.1" 200 311
INFO 2026-04-02 09:48:26,284 "GET /search/book/?name= HTTP/1.1" 200 2
INFO 2026-04-02 09:48:26,332 "GET /category/ HTTP/1.1" 200 539
INFO 2026-04-02 09:48:26,347 "GET /book/ HTTP/1.1" 200 419
INFO 2026-04-02 09:48:26,357 "GET /image/ HTTP/1.1" 200 299
INFO 2026-04-02 09:48:26,406 "GET /image/pag/?page=1&page_size=4 HTTP/1.1" 200 299
INFO 2026-04-02 09:48:26,561 "GET /search/book/?name= HTTP/1.1" 200 2
INFO 2026-04-02 09:48:26,604 "GET /image/ HTTP/1.1" 200 299
INFO 2026-04-02 09:48:26,621 "GET /book/ HTTP/1.1" 200 419
INFO 2026-04-02 09:48:26,631 "GET /category/ HTTP/1.1" 200 539
INFO 2026-04-02 09:48:26,646 "GET /image/pag/?page=1&page_size=4 HTTP/1.1" 200 299
INFO 2026-04-02 09:48:32,357 "GET /category/ HTTP/1.1" 200 539
INFO 2026-04-02 09:48:37,174 "OPTIONS /author/ HTTP/1.1" 200 0
INFO 2026-04-02 09:48:37,547 "GET /author/ HTTP/1.1" 200 500
INFO 2026-04-02 09:48:45,229 "GET /category/ HTTP/1.1" 200 539
INFO 2026-04-02 09:48:47,085 "GET /category/ HTTP/1.1" 200 539
INFO 2026-04-02 09:48:47,096 "GET /search/book/?name= HTTP/1.1" 200 2
INFO 2026-04-02 09:48:47,124 "GET /book/ HTTP/1.1" 200 419
INFO 2026-04-02 09:48:47,297 "GET /category/ HTTP/1.1" 200 539
INFO 2026-04-02 09:48:47,327 "GET /search/book/?name= HTTP/1.1" 200 2
INFO 2026-04-02 09:48:47,369 "GET /book/ HTTP/1.1" 200 419
INFO 2026-04-02 09:49:01,764 "GET /category/ HTTP/1.1" 200 539
INFO 2026-04-02 09:49:02,693 "GET /author/ HTTP/1.1" 200 500
INFO 2026-04-02 09:49:03,879 "GET /category/ HTTP/1.1" 200 539
INFO 2026-04-02 09:49:04,811 "GET /book/ HTTP/1.1" 200 419
INFO 2026-04-02 09:49:04,819 "GET /category/ HTTP/1.1" 200 539
INFO 2026-04-02 09:49:04,829 "GET /search/book/?name= HTTP/1.1" 200 2
INFO 2026-04-02 09:49:05,001 "GET /book/ HTTP/1.1" 200 419
INFO 2026-04-02 09:49:05,001 "GET /category/ HTTP/1.1" 200 539
INFO 2026-04-02 09:49:05,017 "GET /search/book/?name= HTTP/1.1" 200 2
INFO 2026-04-02 09:49:10,852 "GET /category/ HTTP/1.1" 200 539
INFO 2026-04-02 09:49:12,243 "GET /author/ HTTP/1.1" 200 500
INFO 2026-04-02 09:49:14,322 "GET /category/ HTTP/1.1" 200 539
INFO 2026-04-02 09:49:16,644 "GET /author/ HTTP/1.1" 200 500
INFO 2026-04-02 09:49:18,043 "GET /category/ HTTP/1.1" 200 539
INFO 2026-04-02 09:49:21,611 "GET /author/ HTTP/1.1" 200 500
INFO 2026-04-02 09:49:24,529 "GET /getusers/ HTTP/1.1" 200 39
INFO 2026-04-02 09:49:24,539 "GET /issue/user/2/ HTTP/1.1" 200 311
INFO 2026-04-02 09:49:24,544 "GET /user/2/ HTTP/1.1" 200 72
INFO 2026-04-02 09:49:24,724 "GET /user/2/ HTTP/1.1" 200 72
INFO 2026-04-02 09:49:24,724 "GET /getusers/ HTTP/1.1" 200 39
INFO 2026-04-02 09:49:24,756 "GET /issue/user/2/ HTTP/1.1" 200 311
INFO 2026-04-02 09:49:25,145 "GET /issue/user/2/ HTTP/1.1" 200 311
INFO 2026-04-02 09:49:25,395 "GET /issue/user/2/ HTTP/1.1" 200 311
INFO 2026-04-02 09:49:38,843 "GET /image/pag/?page=1&page_size=4 HTTP/1.1" 200 299
INFO 2026-04-02 09:49:38,878 "GET /image/ HTTP/1.1" 200 299
INFO 2026-04-02 09:49:38,911 "GET /category/ HTTP/1.1" 200 539
INFO 2026-04-02 09:49:38,962 "GET /book/ HTTP/1.1" 200 419
INFO 2026-04-02 09:49:39,011 "GET /search/book/?name= HTTP/1.1" 200 2
INFO 2026-04-02 09:49:39,071 "GET /image/pag/?page=1&page_size=4 HTTP/1.1" 200 299
INFO 2026-04-02 09:49:39,211 "GET /category/ HTTP/1.1" 200 539
INFO 2026-04-02 09:49:39,241 "GET /image/ HTTP/1.1" 200 299
INFO 2026-04-02 09:49:39,280 "GET /search/book/?name= HTTP/1.1" 200 2
INFO 2026-04-02 09:49:39,309 "GET /book/ HTTP/1.1" 200 419
INFO 2026-04-02 09:49:43,167 "GET /image/pag/?page=1&page_size=4 HTTP/1.1" 200 299
INFO 2026-04-02 09:49:43,173 "GET /image/ HTTP/1.1" 200 299
INFO 2026-04-02 09:49:43,311 "GET /image/pag/?page=1&page_size=4 HTTP/1.1" 200 299
INFO 2026-04-02 09:49:43,315 "GET /image/ HTTP/1.1" 200 299
INFO 2026-04-02 09:49:53,334 "POST /login/ HTTP/1.1" 200 1718
INFO 2026-04-02 09:49:53,565 "GET /getusers/ HTTP/1.1" 200 39
INFO 2026-04-02 09:49:53,611 "GET /user/1/ HTTP/1.1" 200 74
INFO 2026-04-02 09:49:53,655 "GET /issue/user/1/ HTTP/1.1" 200 229
INFO 2026-04-02 09:49:53,719 "GET /chart/ HTTP/1.1" 200 51
INFO 2026-04-02 09:49:53,900 "GET /getusers/ HTTP/1.1" 200 39
INFO 2026-04-02 09:49:53,933 "GET /user/1/ HTTP/1.1" 200 74
INFO 2026-04-02 09:49:54,001 "GET /chart/ HTTP/1.1" 200 51
INFO 2026-04-02 09:49:54,024 "GET /issue/user/1/ HTTP/1.1" 200 229
INFO 2026-04-02 09:49:54,162 "GET /issue/user/1/ HTTP/1.1" 200 229
INFO 2026-04-02 09:49:54,280 "GET /issue/user/1/ HTTP/1.1" 200 229
INFO 2026-04-02 09:50:02,418 "GET /register/librarian/ HTTP/1.1" 200 113
INFO 2026-04-02 09:50:02,551 "GET /register/librarian/ HTTP/1.1" 200 113
INFO 2026-04-02 09:50:06,647 "GET /right/ HTTP/1.1" 200 625
INFO 2026-04-02 09:50:06,815 "GET /right/ HTTP/1.1" 200 625
INFO 2026-04-02 09:50:07,686 "GET /getusers/ HTTP/1.1" 200 39
INFO 2026-04-02 09:50:07,824 "GET /getusers/ HTTP/1.1" 200 39
INFO 2026-04-02 09:50:08,797 "GET /issue/search/?name= HTTP/1.1" 200 87
INFO 2026-04-02 09:50:08,857 "GET /issue/ HTTP/1.1" 200 558
INFO 2026-04-02 09:50:08,984 "GET /issue/search/?name= HTTP/1.1" 200 87
INFO 2026-04-02 09:50:09,020 "GET /issue/ HTTP/1.1" 200 558
INFO 2026-04-02 09:50:09,732 "GET /search/book/?name= HTTP/1.1" 200 2
INFO 2026-04-02 09:50:09,732 "GET /category/ HTTP/1.1" 200 539
INFO 2026-04-02 09:50:09,746 "GET /book/ HTTP/1.1" 200 419
INFO 2026-04-02 09:50:09,913 "GET /category/ HTTP/1.1" 200 539
INFO 2026-04-02 09:50:09,923 "GET /search/book/?name= HTTP/1.1" 200 2
INFO 2026-04-02 09:50:09,940 "GET /book/ HTTP/1.1" 200 419
INFO 2026-04-02 09:50:11,301 "GET /issue/search/?name= HTTP/1.1" 200 87
INFO 2026-04-02 09:50:11,328 "GET /issue/ HTTP/1.1" 200 558
INFO 2026-04-02 09:50:11,515 "GET /issue/ HTTP/1.1" 200 558
INFO 2026-04-02 09:50:11,516 "GET /issue/search/?name= HTTP/1.1" 200 87
INFO 2026-04-02 09:50:15,619 "GET /category/ HTTP/1.1" 200 539
INFO 2026-04-02 09:50:17,849 "OPTIONS /image/ HTTP/1.1" 200 0
INFO 2026-04-02 09:50:17,851 "OPTIONS /image/ HTTP/1.1" 200 0
INFO 2026-04-02 09:50:18,096 "GET /image/ HTTP/1.1" 200 299
INFO 2026-04-02 09:50:18,260 "GET /image/ HTTP/1.1" 200 299
INFO 2026-04-02 09:50:21,064 "GET /audit/ HTTP/1.1" 200 8102
INFO 2026-04-02 09:50:21,070 "GET /getusers/ HTTP/1.1" 200 39
INFO 2026-04-02 09:50:21,249 "GET /audit/ HTTP/1.1" 200 8102
INFO 2026-04-02 09:50:21,249 "GET /getusers/ HTTP/1.1" 200 39
INFO 2026-04-02 09:50:22,583 "GET /search/LoginAudit/?name= HTTP/1.1" 200 111
INFO 2026-04-02 09:50:22,583 "GET /LoginAudit/ HTTP/1.1" 200 16233
INFO 2026-04-02 09:50:22,746 "GET /search/LoginAudit/?name= HTTP/1.1" 200 111
INFO 2026-04-02 09:50:22,753 "GET /LoginAudit/ HTTP/1.1" 200 16233
INFO 2026-04-02 09:50:24,131 "GET /audit/ HTTP/1.1" 200 8102
INFO 2026-04-02 09:50:24,138 "GET /getusers/ HTTP/1.1" 200 39
INFO 2026-04-02 09:50:24,288 "GET /audit/ HTTP/1.1" 200 8102
INFO 2026-04-02 09:50:24,292 "GET /getusers/ HTTP/1.1" 200 39
INFO 2026-04-02 09:50:27,986 "GET /image/ HTTP/1.1" 200 299
INFO 2026-04-02 09:50:28,145 "GET /image/ HTTP/1.1" 200 299
INFO 2026-04-02 09:50:29,351 "GET /author/ HTTP/1.1" 200 500
INFO 2026-04-02 09:50:30,718 "GET /getusers/ HTTP/1.1" 200 39
INFO 2026-04-02 09:50:30,725 "GET /audit/ HTTP/1.1" 200 8102
INFO 2026-04-02 09:50:30,895 "GET /getusers/ HTTP/1.1" 200 39
INFO 2026-04-02 09:50:30,901 "GET /audit/ HTTP/1.1" 200 8102
INFO 2026-04-02 09:50:36,968 "GET /filter/Audit/?user=2 HTTP/1.1" 200 8102
INFO 2026-04-02 09:50:38,867 "GET /filter/Audit/?user=2 HTTP/1.1" 200 8102
INFO 2026-04-02 09:50:51,001 "GET /filter/Audit/?act=create HTTP/1.1" 200 2845
INFO 2026-04-02 09:51:03,582 "GET /filter/Audit/?act=return HTTP/1.1" 200 330
INFO 2026-04-02 09:51:12,584 "GET /filter/Audit/?act=update HTTP/1.1" 200 3256
INFO 2026-04-02 09:51:33,935 "GET /filter/Audit/?sdate=2026-04-01&act=update HTTP/1.1" 200 2
INFO 2026-04-02 09:51:43,740 "GET /filter/Audit/?sdate=2026-04-01&edate=2026-04-01&act=update HTTP/1.1" 200 2
INFO 2026-04-02 09:51:51,070 "GET /filter/Audit/?sdate=2026-04-01&edate=2026-04-01&act=update HTTP/1.1" 200 2
INFO 2026-04-02 09:52:04,274 "GET /filter/Audit/?act=update HTTP/1.1" 200 3256
INFO 2026-04-02 09:52:09,501 "GET /search/LoginAudit/?name= HTTP/1.1" 200 111
INFO 2026-04-02 09:52:09,510 "GET /LoginAudit/ HTTP/1.1" 200 16233
INFO 2026-04-02 09:52:09,652 "GET /search/LoginAudit/?name= HTTP/1.1" 200 111
INFO 2026-04-02 09:52:09,664 "GET /LoginAudit/ HTTP/1.1" 200 16233
INFO 2026-04-02 09:52:47,035 "GET /category/ HTTP/1.1" 200 539
INFO 2026-04-02 09:52:47,042 "GET /book/ HTTP/1.1" 200 419
INFO 2026-04-02 09:52:47,050 "GET /search/book/?name= HTTP/1.1" 200 2
INFO 2026-04-02 09:52:47,292 "GET /category/ HTTP/1.1" 200 539
INFO 2026-04-02 09:52:47,307 "GET /search/book/?name= HTTP/1.1" 200 2
INFO 2026-04-02 09:52:47,310 "GET /book/ HTTP/1.1" 200 419
INFO 2026-04-02 10:03:45,958 "GET /book/ HTTP/1.1" 200 419
INFO 2026-04-02 10:03:46,030 "GET /category/ HTTP/1.1" 200 539
INFO 2026-04-02 10:04:19,943 "GET /issue/user/1/ HTTP/1.1" 200 229
INFO 2026-04-02 10:04:20,019 "GET /user/1/ HTTP/1.1" 200 74
INFO 2026-04-02 10:04:20,026 "GET /getusers/ HTTP/1.1" 200 39
INFO 2026-04-02 10:04:20,241 "GET /LoginAudit/ HTTP/1.1" 200 16233
INFO 2026-04-02 10:04:20,246 "GET /search/LoginAudit/?name= HTTP/1.1" 200 111
INFO 2026-04-02 10:04:20,298 "GET /user/1/ HTTP/1.1" 200 74
INFO 2026-04-02 10:04:20,324 "GET /getusers/ HTTP/1.1" 200 39
INFO 2026-04-02 10:04:20,414 "GET /issue/user/1/ HTTP/1.1" 200 229
INFO 2026-04-02 10:04:20,726 "GET /LoginAudit/ HTTP/1.1" 200 16233
INFO 2026-04-02 10:04:20,872 "GET /search/LoginAudit/?name= HTTP/1.1" 200 111
INFO 2026-04-02 10:04:20,926 "GET /issue/user/1/ HTTP/1.1" 200 229
INFO 2026-04-02 10:04:21,044 "GET /issue/user/1/ HTTP/1.1" 200 229
INFO 2026-04-02 10:04:22,761 "GET /category/ HTTP/1.1" 200 539
INFO 2026-04-02 10:04:22,770 "GET /book/ HTTP/1.1" 200 419
INFO 2026-04-02 10:04:22,929 "GET /category/ HTTP/1.1" 200 539
INFO 2026-04-02 10:04:22,933 "GET /book/ HTTP/1.1" 200 419
INFO 2026-04-02 10:04:32,023 "GET /author/ HTTP/1.1" 200 500
INFO 2026-04-02 10:04:32,033 "GET /category/ HTTP/1.1" 200 539
INFO 2026-04-02 10:04:32,201 "GET /author/ HTTP/1.1" 200 500
INFO 2026-04-02 10:04:32,218 "GET /category/ HTTP/1.1" 200 539
INFO 2026-04-02 10:04:59,552 "GET /author/ HTTP/1.1" 200 500
INFO 2026-04-02 10:04:59,574 "GET /category/ HTTP/1.1" 200 539
INFO 2026-04-02 10:04:59,738 "GET /author/ HTTP/1.1" 200 500
INFO 2026-04-02 10:04:59,771 "GET /category/ HTTP/1.1" 200 539
INFO 2026-04-02 10:05:15,887 "GET /search/book/?name= HTTP/1.1" 200 2
INFO 2026-04-02 10:05:15,925 "GET /category/ HTTP/1.1" 200 539
INFO 2026-04-02 10:05:16,083 "GET /book/ HTTP/1.1" 200 419
INFO 2026-04-02 10:06:10,291 "GET /book/ HTTP/1.1" 200 10962
INFO 2026-04-02 10:06:10,323 "GET /static/rest_framework/css/prettify.css HTTP/1.1" 304 0
INFO 2026-04-02 10:06:10,333 "GET /static/rest_framework/css/bootstrap.min.css HTTP/1.1" 304 0
INFO 2026-04-02 10:06:10,335 "GET /static/rest_framework/css/bootstrap-tweaks.css HTTP/1.1" 304 0
INFO 2026-04-02 10:06:10,430 "GET /static/rest_framework/js/bootstrap.min.js HTTP/1.1" 304 0
INFO 2026-04-02 10:06:10,431 "GET /static/rest_framework/css/default.css HTTP/1.1" 304 0
INFO 2026-04-02 10:06:10,432 "GET /static/rest_framework/js/prettify-min.js HTTP/1.1" 304 0
INFO 2026-04-02 10:06:10,450 "GET /static/rest_framework/js/csrf.js HTTP/1.1" 304 0
INFO 2026-04-02 10:06:10,451 "GET /static/rest_framework/js/jquery-3.7.1.min.js HTTP/1.1" 304 0
INFO 2026-04-02 10:06:10,452 "GET /static/rest_framework/js/ajax-form.js HTTP/1.1" 304 0
INFO 2026-04-02 10:06:10,462 "GET /static/rest_framework/img/grid.png HTTP/1.1" 304 0
INFO 2026-04-02 10:06:10,482 "GET /static/rest_framework/js/default.js HTTP/1.1" 304 0
INFO 2026-04-02 10:06:10,484 "GET /static/rest_framework/js/load-ajax-form.js HTTP/1.1" 304 0
INFO 2026-04-02 10:43:22,207 "GET /overdue/mail/ HTTP/1.1" 200 25
INFO 2026-04-02 11:22:12,527 "GET /LoginAudit/ HTTP/1.1" 200 16233
INFO 2026-04-02 11:22:12,527 "GET /getusers/ HTTP/1.1" 200 39
INFO 2026-04-02 11:22:12,561 "GET /user/1/ HTTP/1.1" 200 74
INFO 2026-04-02 11:22:12,577 "GET /issue/user/1/ HTTP/1.1" 200 229
INFO 2026-04-02 11:22:12,636 "GET /search/LoginAudit/?name= HTTP/1.1" 200 111
INFO 2026-04-02 11:22:12,774 "GET /user/1/ HTTP/1.1" 200 74
INFO 2026-04-02 11:22:12,789 "GET /getusers/ HTTP/1.1" 200 39
INFO 2026-04-02 11:22:12,827 "GET /LoginAudit/ HTTP/1.1" 200 16233
INFO 2026-04-02 11:22:12,867 "GET /issue/user/1/ HTTP/1.1" 200 229
INFO 2026-04-02 11:22:12,908 "GET /search/LoginAudit/?name= HTTP/1.1" 200 111
INFO 2026-04-02 11:22:12,978 "GET /issue/user/1/ HTTP/1.1" 200 229
INFO 2026-04-02 11:22:13,196 "GET /issue/user/1/ HTTP/1.1" 200 229
INFO 2026-04-02 11:22:15,429 "GET /audit/ HTTP/1.1" 200 8102
INFO 2026-04-02 11:22:15,429 "GET /getusers/ HTTP/1.1" 200 39
INFO 2026-04-02 11:22:15,560 "GET /getusers/ HTTP/1.1" 200 39
INFO 2026-04-02 11:22:15,560 "GET /audit/ HTTP/1.1" 200 8102
INFO 2026-04-02 11:22:24,290 "GET /filter/Audit/?act=return HTTP/1.1" 200 330
INFO 2026-04-02 11:22:29,110 "GET /LoginAudit/ HTTP/1.1" 200 16233
INFO 2026-04-02 11:22:29,128 "GET /search/LoginAudit/?name= HTTP/1.1" 200 111
INFO 2026-04-02 11:22:29,262 "GET /LoginAudit/ HTTP/1.1" 200 16233
INFO 2026-04-02 11:22:29,283 "GET /search/LoginAudit/?name= HTTP/1.1" 200 111
INFO 2026-04-02 11:22:32,457 "GET /audit/ HTTP/1.1" 200 8102
INFO 2026-04-02 11:22:32,474 "GET /getusers/ HTTP/1.1" 200 39
INFO 2026-04-02 11:22:32,590 "GET /audit/ HTTP/1.1" 200 8102
INFO 2026-04-02 11:22:32,631 "GET /getusers/ HTTP/1.1" 200 39
INFO 2026-04-02 11:22:42,188 "GET /getusers/ HTTP/1.1" 200 39
INFO 2026-04-02 11:22:42,288 "GET /getusers/ HTTP/1.1" 200 39
INFO 2026-04-02 11:22:50,853 "GET /usAudit/?email=nirupakutana%40gmail.com HTTP/1.1" 200 5401
WARNING 2026-04-02 11:22:51,076 Not Found: /favicon.ico
WARNING 2026-04-02 11:22:51,077 "GET /favicon.ico HTTP/1.1" 404 10290
INFO 2026-04-02 11:23:07,900 "GET /role/rights/2/ HTTP/1.1" 200 88
INFO 2026-04-02 11:23:08,000 "GET /role/rights/2/ HTTP/1.1" 200 88
INFO 2026-04-02 11:23:10,133 "GET /chart/ HTTP/1.1" 200 51
INFO 2026-04-02 11:23:10,233 "GET /chart/ HTTP/1.1" 200 51
INFO 2026-04-02 11:23:11,418 "GET /register/librarian/ HTTP/1.1" 200 113
INFO 2026-04-02 11:23:11,518 "GET /register/librarian/ HTTP/1.1" 200 113
INFO 2026-04-02 11:23:12,899 "GET /right/ HTTP/1.1" 200 625
INFO 2026-04-02 11:23:12,983 "GET /right/ HTTP/1.1" 200 625
INFO 2026-04-02 11:23:14,199 "GET /role/rights/2/ HTTP/1.1" 200 88
INFO 2026-04-02 11:23:14,316 "GET /role/rights/2/ HTTP/1.1" 200 88
INFO 2026-04-02 11:23:18,200 "GET /role/rights/3/ HTTP/1.1" 200 492
INFO 2026-04-02 11:23:25,465 "GET /role/rights/1/ HTTP/1.1" 200 536
INFO 2026-04-02 11:23:30,347 "GET /role/rights/2/ HTTP/1.1" 200 88
INFO 2026-04-02 11:23:33,413 "GET /user/1/ HTTP/1.1" 200 74
INFO 2026-04-02 11:23:33,447 "GET /getusers/ HTTP/1.1" 200 39
INFO 2026-04-02 11:23:33,463 "GET /issue/user/1/ HTTP/1.1" 200 229
INFO 2026-04-02 11:23:33,499 "GET /role/rights/2/ HTTP/1.1" 200 88
INFO 2026-04-02 11:23:33,595 "GET /user/1/ HTTP/1.1" 200 74
INFO 2026-04-02 11:23:33,695 "GET /getusers/ HTTP/1.1" 200 39
INFO 2026-04-02 11:23:33,695 "GET /issue/user/1/ HTTP/1.1" 200 229
INFO 2026-04-02 11:23:33,695 "GET /role/rights/2/ HTTP/1.1" 200 88
INFO 2026-04-02 11:23:33,815 "GET /issue/user/1/ HTTP/1.1" 200 229
INFO 2026-04-02 11:23:33,914 "GET /issue/user/1/ HTTP/1.1" 200 229
INFO 2026-04-02 11:23:35,613 "GET /role/rights/3/ HTTP/1.1" 200 492
INFO 2026-04-02 11:23:36,846 "GET /role/rights/2/ HTTP/1.1" 200 88
INFO 2026-04-02 11:25:59,950 Watching for file changes with StatReloader
INFO 2026-04-02 11:49:57,639 "GET /image/pag/?page=1&page_size=4 HTTP/1.1" 200 299
INFO 2026-04-02 11:49:57,639 "GET /image/ HTTP/1.1" 200 299
INFO 2026-04-02 11:49:57,809 "GET /image/ HTTP/1.1" 200 299
INFO 2026-04-02 11:49:57,812 "GET /image/pag/?page=1&page_size=4 HTTP/1.1" 200 299
INFO 2026-04-02 13:56:05,899 "GET /image/ HTTP/1.1" 200 299
INFO 2026-04-02 13:56:05,902 "GET /image/pag/?page=1&page_size=4 HTTP/1.1" 200 299
INFO 2026-04-02 13:56:06,425 "GET /image/ HTTP/1.1" 200 299
INFO 2026-04-02 13:56:06,432 "GET /image/pag/?page=1&page_size=4 HTTP/1.1" 200 299
INFO 2026-04-02 13:56:16,817 "GET /user/1/ HTTP/1.1" 200 74
INFO 2026-04-02 13:56:16,883 "GET /issue/user/1/ HTTP/1.1" 200 229
INFO 2026-04-02 13:56:16,934 "GET /getusers/ HTTP/1.1" 200 39
INFO 2026-04-02 13:56:17,286 "GET /issue/user/1/ HTTP/1.1" 200 229
INFO 2026-04-02 13:56:17,325 "GET /user/1/ HTTP/1.1" 200 74
INFO 2026-04-02 13:56:17,396 "GET /getusers/ HTTP/1.1" 200 39
INFO 2026-04-02 13:56:17,499 "GET /chart/ HTTP/1.1" 200 51
INFO 2026-04-02 13:56:17,930 "GET /issue/user/1/ HTTP/1.1" 200 229
INFO 2026-04-02 13:56:17,988 "GET /chart/ HTTP/1.1" 200 51
INFO 2026-04-02 13:56:18,236 "GET /issue/user/1/ HTTP/1.1" 200 229
INFO 2026-04-02 13:56:21,924 "GET /register/librarian/ HTTP/1.1" 200 113
INFO 2026-04-02 13:56:22,092 "GET /register/librarian/ HTTP/1.1" 200 113
INFO 2026-04-02 13:56:23,439 "GET /chart/ HTTP/1.1" 200 51
INFO 2026-04-02 13:56:23,600 "GET /chart/ HTTP/1.1" 200 51
INFO 2026-04-02 13:56:30,522 "GET /register/librarian/ HTTP/1.1" 200 113
INFO 2026-04-02 13:56:30,666 "GET /register/librarian/ HTTP/1.1" 200 113
INFO 2026-04-02 13:56:33,166 "GET /right/ HTTP/1.1" 200 625
INFO 2026-04-02 13:56:33,379 "GET /right/ HTTP/1.1" 200 625
INFO 2026-04-02 13:56:34,713 "GET /getusers/ HTTP/1.1" 200 39
INFO 2026-04-02 13:56:34,874 "GET /getusers/ HTTP/1.1" 200 39
INFO 2026-04-02 13:56:36,401 "GET /getusers/ HTTP/1.1" 200 39
INFO 2026-04-02 13:56:36,469 "GET /audit/ HTTP/1.1" 200 8102
INFO 2026-04-02 13:56:36,604 "GET /getusers/ HTTP/1.1" 200 39
INFO 2026-04-02 13:56:36,646 "GET /audit/ HTTP/1.1" 200 8102
INFO 2026-04-02 13:56:38,257 "GET /LoginAudit/ HTTP/1.1" 200 16233
INFO 2026-04-02 13:56:38,284 "GET /search/LoginAudit/?name= HTTP/1.1" 200 111
INFO 2026-04-02 13:56:38,428 "GET /LoginAudit/ HTTP/1.1" 200 16233
INFO 2026-04-02 13:56:38,453 "GET /search/LoginAudit/?name= HTTP/1.1" 200 111
INFO 2026-04-02 13:56:41,335 "OPTIONS /search/book/?name= HTTP/1.1" 200 0
INFO 2026-04-02 13:56:41,337 "OPTIONS /book/ HTTP/1.1" 200 0
INFO 2026-04-02 13:56:41,363 "OPTIONS /book/ HTTP/1.1" 200 0
INFO 2026-04-02 13:56:41,363 "OPTIONS /category/ HTTP/1.1" 200 0
INFO 2026-04-02 13:56:41,378 "OPTIONS /category/ HTTP/1.1" 200 0
INFO 2026-04-02 13:56:41,403 "OPTIONS /search/book/?name= HTTP/1.1" 200 0
INFO 2026-04-02 13:56:41,665 "GET /book/ HTTP/1.1" 200 419
INFO 2026-04-02 13:56:41,674 "GET /category/ HTTP/1.1" 200 539
INFO 2026-04-02 13:56:41,690 "GET /search/book/?name= HTTP/1.1" 200 2
INFO 2026-04-02 13:56:41,877 "GET /book/ HTTP/1.1" 200 419
INFO 2026-04-02 13:56:41,882 "GET /search/book/?name= HTTP/1.1" 200 2
INFO 2026-04-02 13:56:41,884 "GET /category/ HTTP/1.1" 200 539
INFO 2026-04-02 13:56:43,680 "GET /issue/search/?name= HTTP/1.1" 200 87
INFO 2026-04-02 13:56:43,694 "GET /issue/ HTTP/1.1" 200 558
INFO 2026-04-02 13:56:43,881 "GET /issue/search/?name= HTTP/1.1" 200 87
INFO 2026-04-02 13:56:43,901 "GET /issue/ HTTP/1.1" 200 558
INFO 2026-04-02 13:56:45,426 "GET /getusers/ HTTP/1.1" 200 39
INFO 2026-04-02 13:56:45,438 "GET /book/ HTTP/1.1" 200 419
INFO 2026-04-02 13:56:45,572 "GET /getusers/ HTTP/1.1" 200 39
INFO 2026-04-02 13:56:45,597 "GET /book/ HTTP/1.1" 200 419
INFO 2026-04-02 14:20:54,587 "GET /issue/user/1/ HTTP/1.1" 200 229
INFO 2026-04-02 14:20:54,617 "GET /getusers/ HTTP/1.1" 200 39
INFO 2026-04-02 14:20:54,645 "GET /user/1/ HTTP/1.1" 200 74
INFO 2026-04-02 14:20:54,689 "GET /issue/search/?name= HTTP/1.1" 200 87
INFO 2026-04-02 14:20:54,718 "GET /issue/ HTTP/1.1" 200 558
INFO 2026-04-02 14:20:54,930 "GET /user/1/ HTTP/1.1" 200 74
INFO 2026-04-02 14:20:54,968 "GET /getusers/ HTTP/1.1" 200 39
INFO 2026-04-02 14:20:54,978 "GET /issue/user/1/ HTTP/1.1" 200 229
INFO 2026-04-02 14:20:55,031 "GET /issue/ HTTP/1.1" 200 558
INFO 2026-04-02 14:20:55,040 "GET /issue/search/?name= HTTP/1.1" 200 87
INFO 2026-04-02 14:20:55,169 "GET /issue/user/1/ HTTP/1.1" 200 229
INFO 2026-04-02 14:20:55,286 "GET /issue/user/1/ HTTP/1.1" 200 229
INFO 2026-04-02 14:23:28,732 "GET /search/book/?name= HTTP/1.1" 200 2
INFO 2026-04-02 14:23:28,737 "GET /book/ HTTP/1.1" 200 419
INFO 2026-04-02 14:23:28,744 "GET /category/ HTTP/1.1" 200 539
INFO 2026-04-02 14:23:28,944 "GET /search/book/?name= HTTP/1.1" 200 2
INFO 2026-04-02 14:23:28,946 "GET /book/ HTTP/1.1" 200 419
INFO 2026-04-02 14:23:28,985 "GET /category/ HTTP/1.1" 200 539
INFO 2026-04-02 14:23:29,751 "GET /category/ HTTP/1.1" 200 539
INFO 2026-04-02 14:23:31,246 "GET /issue/search/?name= HTTP/1.1" 200 87
INFO 2026-04-02 14:23:31,253 "GET /issue/ HTTP/1.1" 200 558
INFO 2026-04-02 14:23:31,424 "GET /issue/search/?name= HTTP/1.1" 200 87
INFO 2026-04-02 14:23:31,448 "GET /issue/ HTTP/1.1" 200 558
INFO 2026-04-02 14:23:32,731 "GET /getusers/ HTTP/1.1" 200 39
INFO 2026-04-02 14:23:32,927 "GET /getusers/ HTTP/1.1" 200 39
INFO 2026-04-02 14:23:34,335 "GET /role/rights/2/ HTTP/1.1" 200 88
INFO 2026-04-02 14:23:34,534 "GET /role/rights/2/ HTTP/1.1" 200 88
INFO 2026-04-02 14:23:37,456 "GET /chart/ HTTP/1.1" 200 51
INFO 2026-04-02 14:23:37,586 "GET /chart/ HTTP/1.1" 200 51
INFO 2026-04-02 14:23:39,147 "GET /register/librarian/ HTTP/1.1" 200 113
INFO 2026-04-02 14:23:39,320 "GET /register/librarian/ HTTP/1.1" 200 113
INFO 2026-04-02 14:23:40,426 "GET /right/ HTTP/1.1" 200 625
INFO 2026-04-02 14:23:40,577 "GET /right/ HTTP/1.1" 200 625
INFO 2026-04-02 14:23:42,032 "GET /role/rights/2/ HTTP/1.1" 200 88
INFO 2026-04-02 14:23:42,194 "GET /role/rights/2/ HTTP/1.1" 200 88
INFO 2026-04-02 14:23:43,637 "GET /getusers/ HTTP/1.1" 200 39
INFO 2026-04-02 14:23:43,801 "GET /getusers/ HTTP/1.1" 200 39
INFO 2026-04-02 14:23:45,385 "GET /issue/ HTTP/1.1" 200 558
INFO 2026-04-02 14:23:45,394 "GET /issue/search/?name= HTTP/1.1" 200 87
INFO 2026-04-02 14:23:45,583 "GET /issue/ HTTP/1.1" 200 558
INFO 2026-04-02 14:23:45,619 "GET /issue/search/?name= HTTP/1.1" 200 87
INFO 2026-04-02 14:23:48,983 "GET /category/ HTTP/1.1" 200 539
INFO 2026-04-02 14:23:49,015 "GET /book/ HTTP/1.1" 200 419
INFO 2026-04-02 14:23:49,027 "GET /search/book/?name= HTTP/1.1" 200 2
INFO 2026-04-02 14:23:49,163 "GET /category/ HTTP/1.1" 200 539
INFO 2026-04-02 14:23:49,222 "GET /book/ HTTP/1.1" 200 419
INFO 2026-04-02 14:23:49,247 "GET /search/book/?name= HTTP/1.1" 200 2
INFO 2026-04-02 14:23:50,666 "GET /issue/search/?name= HTTP/1.1" 200 87
INFO 2026-04-02 14:23:50,671 "GET /issue/ HTTP/1.1" 200 558
INFO 2026-04-02 14:23:50,856 "GET /issue/ HTTP/1.1" 200 558
INFO 2026-04-02 14:23:50,858 "GET /issue/search/?name= HTTP/1.1" 200 87
INFO 2026-04-02 14:23:52,348 "GET /getusers/ HTTP/1.1" 200 39
INFO 2026-04-02 14:23:52,484 "GET /getusers/ HTTP/1.1" 200 39
INFO 2026-04-02 14:23:54,374 "GET /role/rights/2/ HTTP/1.1" 200 88
INFO 2026-04-02 14:23:54,530 "GET /role/rights/2/ HTTP/1.1" 200 88
INFO 2026-04-02 14:23:55,993 "GET /right/ HTTP/1.1" 200 625
INFO 2026-04-02 14:23:56,133 "GET /right/ HTTP/1.1" 200 625
INFO 2026-04-02 14:23:58,275 "GET /register/librarian/ HTTP/1.1" 200 113
INFO 2026-04-02 14:23:58,429 "GET /register/librarian/ HTTP/1.1" 200 113
INFO 2026-04-02 14:23:59,582 "GET /chart/ HTTP/1.1" 200 51
INFO 2026-04-02 14:23:59,710 "GET /chart/ HTTP/1.1" 200 51
INFO 2026-04-02 14:42:16,600 "GET / HTTP/1.1" 200 32
INFO 2026-04-02 14:54:05,888 Watching for file changes with StatReloader
INFO 2026-04-02 14:54:22,277 "GET / HTTP/1.1" 200 32
INFO 2026-04-02 14:54:43,583 C:\Users\asad\Desktop\Library_management\backend\backend\settings.py changed, reloading.
INFO 2026-04-02 14:54:45,495 Watching for file changes with StatReloader
INFO 2026-04-02 15:01:11,675 "GET /issue/user/1/ HTTP/1.1" 200 229
INFO 2026-04-02 15:01:11,696 "GET /getusers/ HTTP/1.1" 200 39
INFO 2026-04-02 15:01:11,753 "GET /user/1/ HTTP/1.1" 200 74
INFO 2026-04-02 15:01:11,757 "GET /chart/ HTTP/1.1" 200 51
INFO 2026-04-02 15:01:12,033 "GET /getusers/ HTTP/1.1" 200 39
INFO 2026-04-02 15:01:12,049 "GET /issue/user/1/ HTTP/1.1" 200 229
INFO 2026-04-02 15:01:12,117 "GET /user/1/ HTTP/1.1" 200 74
INFO 2026-04-02 15:01:12,185 "GET /chart/ HTTP/1.1" 200 51
INFO 2026-04-02 15:01:12,366 "GET /issue/user/1/ HTTP/1.1" 200 229
INFO 2026-04-02 15:01:12,533 "GET /issue/user/1/ HTTP/1.1" 200 229
INFO 2026-04-02 15:01:15,314 "GET /register/librarian/ HTTP/1.1" 200 113
INFO 2026-04-02 15:01:15,457 "GET /register/librarian/ HTTP/1.1" 200 113
INFO 2026-04-02 15:01:16,698 "GET /right/ HTTP/1.1" 200 625
INFO 2026-04-02 15:01:16,868 "GET /right/ HTTP/1.1" 200 625
INFO 2026-04-02 15:01:24,796 "GET /register/librarian/ HTTP/1.1" 200 113
INFO 2026-04-02 15:01:24,964 "GET /register/librarian/ HTTP/1.1" 200 113
INFO 2026-04-02 15:01:28,378 "GET /right/ HTTP/1.1" 200 625
INFO 2026-04-02 15:01:28,521 "GET /right/ HTTP/1.1" 200 625
INFO 2026-04-02 15:01:43,012 "GET /role/rights/2/ HTTP/1.1" 200 88
INFO 2026-04-02 15:01:43,167 "GET /role/rights/2/ HTTP/1.1" 200 88
INFO 2026-04-02 15:01:44,132 "GET /getusers/ HTTP/1.1" 200 39
INFO 2026-04-02 15:01:44,270 "GET /getusers/ HTTP/1.1" 200 39
INFO 2026-04-02 15:01:46,739 "GET /book/ HTTP/1.1" 200 419
INFO 2026-04-02 15:01:46,739 "GET /category/ HTTP/1.1" 200 539
INFO 2026-04-02 15:01:46,768 "GET /search/book/?name= HTTP/1.1" 200 2
INFO 2026-04-02 15:01:46,952 "GET /category/ HTTP/1.1" 200 539
INFO 2026-04-02 15:01:46,953 "GET /book/ HTTP/1.1" 200 419
INFO 2026-04-02 15:01:46,969 "GET /search/book/?name= HTTP/1.1" 200 2
INFO 2026-04-02 15:01:48,009 "GET /category/ HTTP/1.1" 200 539
INFO 2026-04-02 15:01:50,640 "GET /getusers/ HTTP/1.1" 200 39
INFO 2026-04-02 15:01:50,650 "GET /audit/ HTTP/1.1" 200 8102
INFO 2026-04-02 15:01:50,849 "GET /getusers/ HTTP/1.1" 200 39
INFO 2026-04-02 15:01:50,870 "GET /audit/ HTTP/1.1" 200 8102
INFO 2026-04-02 15:01:51,817 "GET /search/LoginAudit/?name= HTTP/1.1" 200 111
INFO 2026-04-02 15:01:51,822 "GET /LoginAudit/ HTTP/1.1" 200 16233
INFO 2026-04-02 15:01:52,003 "GET /LoginAudit/ HTTP/1.1" 200 16233
INFO 2026-04-02 15:01:52,005 "GET /search/LoginAudit/?name= HTTP/1.1" 200 111
INFO 2026-04-02 15:01:55,539 "GET /chart/ HTTP/1.1" 200 51
INFO 2026-04-02 15:01:55,664 "GET /chart/ HTTP/1.1" 200 51
INFO 2026-04-02 15:14:34,099 "GET /image/ HTTP/1.1" 200 299
INFO 2026-04-02 15:14:34,109 "GET /image/pag/?page=1&page_size=4 HTTP/1.1" 200 299
INFO 2026-04-02 15:14:34,268 "GET /image/pag/?page=1&page_size=4 HTTP/1.1" 200 299
INFO 2026-04-02 15:14:34,296 "GET /image/ HTTP/1.1" 200 299
INFO 2026-04-02 15:14:37,496 "GET /user/1/ HTTP/1.1" 200 74
INFO 2026-04-02 15:14:37,554 "GET /getusers/ HTTP/1.1" 200 39
INFO 2026-04-02 15:14:37,769 "GET /issue/user/1/ HTTP/1.1" 200 229
INFO 2026-04-02 15:14:37,794 "GET /chart/ HTTP/1.1" 200 51
INFO 2026-04-02 15:14:37,907 "GET /user/1/ HTTP/1.1" 200 74
INFO 2026-04-02 15:14:37,997 "GET /getusers/ HTTP/1.1" 200 39
INFO 2026-04-02 15:14:38,001 "GET /issue/user/1/ HTTP/1.1" 200 229
INFO 2026-04-02 15:14:38,002 "GET /chart/ HTTP/1.1" 200 51
INFO 2026-04-02 15:14:38,178 "GET /issue/user/1/ HTTP/1.1" 200 229
INFO 2026-04-02 15:14:38,373 "GET /issue/user/1/ HTTP/1.1" 200 229
INFO 2026-04-02 15:14:51,127 "GET /image/ HTTP/1.1" 200 299
INFO 2026-04-02 15:14:51,127 "GET /image/pag/?page=1&page_size=4 HTTP/1.1" 200 299
INFO 2026-04-02 15:14:51,305 "GET /image/pag/?page=1&page_size=4 HTTP/1.1" 200 299
INFO 2026-04-02 15:14:51,315 "GET /image/ HTTP/1.1" 200 299
INFO 2026-04-02 15:15:42,149 "OPTIONS /login/ HTTP/1.1" 200 0
INFO 2026-04-02 15:15:43,889 "POST /login/ HTTP/1.1" 200 1014
INFO 2026-04-02 15:15:44,520 "GET /image/pag/?page=1&page_size=4 HTTP/1.1" 200 299
INFO 2026-04-02 15:15:44,549 "GET /image/ HTTP/1.1" 200 299
INFO 2026-04-02 15:15:44,628 "GET /category/ HTTP/1.1" 200 539
INFO 2026-04-02 15:15:44,639 "GET /search/book/?name= HTTP/1.1" 200 2
INFO 2026-04-02 15:15:44,711 "GET /book/ HTTP/1.1" 200 419
INFO 2026-04-02 15:15:44,964 "GET /image/pag/?page=1&page_size=4 HTTP/1.1" 200 299
INFO 2026-04-02 15:15:44,970 "GET /search/book/?name= HTTP/1.1" 200 2
INFO 2026-04-02 15:15:44,992 "GET /image/ HTTP/1.1" 200 299
INFO 2026-04-02 15:15:45,014 "GET /category/ HTTP/1.1" 200 539
INFO 2026-04-02 15:15:45,020 "GET /book/ HTTP/1.1" 200 419
INFO 2026-04-02 15:15:49,149 "GET /issue/user/2/ HTTP/1.1" 200 311
INFO 2026-04-02 15:15:49,184 "GET /user/2/ HTTP/1.1" 200 72
INFO 2026-04-02 15:15:49,247 "GET /chart/ HTTP/1.1" 200 51
INFO 2026-04-02 15:15:49,261 "GET /getusers/ HTTP/1.1" 200 39
INFO 2026-04-02 15:15:49,420 "GET /user/2/ HTTP/1.1" 200 72
INFO 2026-04-02 15:15:49,468 "GET /issue/user/2/ HTTP/1.1" 200 311
INFO 2026-04-02 15:15:49,498 "GET /chart/ HTTP/1.1" 200 51
INFO 2026-04-02 15:15:49,566 "GET /getusers/ HTTP/1.1" 200 39
INFO 2026-04-02 15:15:49,621 "GET /issue/user/2/ HTTP/1.1" 200 311
INFO 2026-04-02 15:15:49,733 "GET /issue/user/2/ HTTP/1.1" 200 311
INFO 2026-04-02 15:16:00,235 "GET /image/ HTTP/1.1" 200 299
INFO 2026-04-02 15:16:00,235 "GET /image/pag/?page=1&page_size=4 HTTP/1.1" 200 299
INFO 2026-04-02 15:16:00,366 "GET /image/ HTTP/1.1" 200 299
INFO 2026-04-02 15:16:00,397 "GET /image/pag/?page=1&page_size=4 HTTP/1.1" 200 299
INFO 2026-04-02 15:16:03,852 "GET /image/ HTTP/1.1" 200 299
INFO 2026-04-02 15:16:03,860 "GET /image/pag/?page=1&page_size=4 HTTP/1.1" 200 299
INFO 2026-04-02 15:16:04,019 "GET /image/ HTTP/1.1" 200 299
INFO 2026-04-02 15:16:04,024 "GET /image/pag/?page=1&page_size=4 HTTP/1.1" 200 299
INFO 2026-04-02 15:16:35,786 "POST /login/ HTTP/1.1" 200 1014
INFO 2026-04-02 15:16:36,198 "GET /search/book/?name= HTTP/1.1" 200 2
INFO 2026-04-02 15:16:36,200 "GET /book/ HTTP/1.1" 200 419
INFO 2026-04-02 15:16:36,200 "GET /image/pag/?page=1&page_size=4 HTTP/1.1" 200 299
INFO 2026-04-02 15:16:36,229 "GET /category/ HTTP/1.1" 200 539
INFO 2026-04-02 15:16:36,237 "GET /image/ HTTP/1.1" 200 299
INFO 2026-04-02 15:16:36,490 "GET /book/ HTTP/1.1" 200 419
INFO 2026-04-02 15:16:36,503 "GET /image/ HTTP/1.1" 200 299
INFO 2026-04-02 15:16:36,524 "GET /image/pag/?page=1&page_size=4 HTTP/1.1" 200 299
INFO 2026-04-02 15:16:36,535 "GET /search/book/?name= HTTP/1.1" 200 2
INFO 2026-04-02 15:16:36,561 "GET /category/ HTTP/1.1" 200 539
INFO 2026-04-02 15:16:46,761 "GET /category/ HTTP/1.1" 200 539
INFO 2026-04-02 15:16:50,851 "GET /image/pag/?page=1&page_size=4 HTTP/1.1" 200 299
INFO 2026-04-02 15:16:50,878 "GET /category/ HTTP/1.1" 200 539
INFO 2026-04-02 15:16:50,880 "GET /search/book/?name= HTTP/1.1" 200 2
INFO 2026-04-02 15:16:50,916 "GET /book/ HTTP/1.1" 200 419
INFO 2026-04-02 15:16:50,942 "GET /image/ HTTP/1.1" 200 299
INFO 2026-04-02 15:16:51,157 "GET /image/pag/?page=1&page_size=4 HTTP/1.1" 200 299
INFO 2026-04-02 15:16:51,223 "GET /search/book/?name= HTTP/1.1" 200 2
INFO 2026-04-02 15:16:51,226 "GET /book/ HTTP/1.1" 200 419
INFO 2026-04-02 15:16:51,293 "GET /image/ HTTP/1.1" 200 299
INFO 2026-04-02 15:16:51,310 "GET /category/ HTTP/1.1" 200 539
INFO 2026-04-02 15:30:08,994 "GET /image/ HTTP/1.1" 200 299
INFO 2026-04-02 15:30:09,024 "GET /search/book/?name= HTTP/1.1" 200 2
INFO 2026-04-02 15:30:09,083 "GET /image/pag/?page=1&page_size=4 HTTP/1.1" 200 299
INFO 2026-04-02 15:30:09,086 "GET /category/ HTTP/1.1" 200 539
INFO 2026-04-02 15:30:09,159 "GET /book/ HTTP/1.1" 200 419
INFO 2026-04-02 15:30:09,324 "GET /image/ HTTP/1.1" 200 299
INFO 2026-04-02 15:30:09,385 "GET /category/ HTTP/1.1" 200 539
INFO 2026-04-02 15:30:09,387 "GET /search/book/?name= HTTP/1.1" 200 2
INFO 2026-04-02 15:30:09,412 "GET /image/pag/?page=1&page_size=4 HTTP/1.1" 200 299
INFO 2026-04-02 15:30:09,486 "GET /book/ HTTP/1.1" 200 419
INFO 2026-04-02 15:32:47,254 C:\Users\asad\Desktop\Library_management\backend\libApp\utils\jwt_utils.py changed, reloading.
INFO 2026-04-02 15:32:50,911 Watching for file changes with StatReloader
INFO 2026-04-02 15:33:23,457 C:\Users\asad\Desktop\Library_management\backend\libApp\Views\Image_Views.py changed, reloading.
INFO 2026-04-02 15:33:25,926 Watching for file changes with StatReloader
INFO 2026-04-02 15:35:20,992 "GET /media/demo/Definition%20E-Healthcare%20Management%20System.pdf HTTP/1.1" 304 0
INFO 2026-04-02 15:36:00,121 "GET /category/ HTTP/1.1" 200 539
INFO 2026-04-02 15:36:05,947 "GET /user/2/ HTTP/1.1" 200 72
INFO 2026-04-02 15:36:05,953 "GET /getusers/ HTTP/1.1" 200 39
INFO 2026-04-02 15:36:05,957 "GET /issue/user/2/ HTTP/1.1" 200 311
INFO 2026-04-02 15:36:06,147 "GET /user/2/ HTTP/1.1" 200 72
INFO 2026-04-02 15:36:06,153 "GET /issue/user/2/ HTTP/1.1" 200 311
INFO 2026-04-02 15:36:06,178 "GET /getusers/ HTTP/1.1" 200 39
INFO 2026-04-02 15:36:06,285 "GET /issue/user/2/ HTTP/1.1" 200 311
INFO 2026-04-02 15:36:06,397 "GET /issue/user/2/ HTTP/1.1" 200 311
INFO 2026-04-02 15:36:15,099 "GET /image/pag/?page=1&page_size=4 HTTP/1.1" 200 299
INFO 2026-04-02 15:36:15,101 "GET /image/ HTTP/1.1" 200 299
INFO 2026-04-02 15:36:15,112 "GET /category/ HTTP/1.1" 200 539
INFO 2026-04-02 15:36:15,199 "GET /book/ HTTP/1.1" 200 419
INFO 2026-04-02 15:36:15,245 "GET /search/book/?name= HTTP/1.1" 200 2
INFO 2026-04-02 15:36:15,324 "GET /image/ HTTP/1.1" 200 299
INFO 2026-04-02 15:36:15,335 "GET /image/pag/?page=1&page_size=4 HTTP/1.1" 200 299
INFO 2026-04-02 15:36:15,410 "GET /category/ HTTP/1.1" 200 539
INFO 2026-04-02 15:36:15,497 "GET /search/book/?name= HTTP/1.1" 200 2
INFO 2026-04-02 15:36:15,497 "GET /book/ HTTP/1.1" 200 419
INFO 2026-04-02 15:36:23,413 "GET /getusers/ HTTP/1.1" 200 39
INFO 2026-04-02 15:36:23,414 "GET /user/2/ HTTP/1.1" 200 72
INFO 2026-04-02 15:36:23,418 "GET /issue/user/2/ HTTP/1.1" 200 311
INFO 2026-04-02 15:36:23,623 "GET /user/2/ HTTP/1.1" 200 72
INFO 2026-04-02 15:36:23,641 "GET /getusers/ HTTP/1.1" 200 39
INFO 2026-04-02 15:36:23,654 "GET /issue/user/2/ HTTP/1.1" 200 311
INFO 2026-04-02 15:36:23,814 "GET /issue/user/2/ HTTP/1.1" 200 311
INFO 2026-04-02 15:36:24,134 "GET /issue/user/2/ HTTP/1.1" 200 311
INFO 2026-04-02 15:36:25,035 "GET /image/pag/?page=1&page_size=4 HTTP/1.1" 200 299
INFO 2026-04-02 15:36:25,076 "GET /image/ HTTP/1.1" 200 299
INFO 2026-04-02 15:36:25,099 "GET /category/ HTTP/1.1" 200 539
INFO 2026-04-02 15:36:25,148 "GET /search/book/?name= HTTP/1.1" 200 2
INFO 2026-04-02 15:36:25,171 "GET /book/ HTTP/1.1" 200 419
INFO 2026-04-02 15:36:25,403 "GET /image/pag/?page=1&page_size=4 HTTP/1.1" 200 299
INFO 2026-04-02 15:36:25,416 "GET /image/ HTTP/1.1" 200 299
INFO 2026-04-02 15:36:25,441 "GET /category/ HTTP/1.1" 200 539
INFO 2026-04-02 15:36:25,465 "GET /search/book/?name= HTTP/1.1" 200 2
INFO 2026-04-02 15:36:25,466 "GET /book/ HTTP/1.1" 200 419
INFO 2026-04-02 16:15:55,650 "GET / HTTP/1.1" 200 32
INFO 2026-04-02 16:15:59,950 "GET / HTTP/1.1" 200 32
INFO 2026-04-02 16:39:28,158 Watching for file changes with StatReloader
